{"/home/runner/work/Api-Specs/Api-Specs/mock-server/src/config.ts": {"path":"/home/runner/work/Api-Specs/Api-Specs/mock-server/src/config.ts","statementMap":{"0":{"start":{"line":80,"column":0},"end":{"line":80,"column":16}},"1":{"start":{"line":123,"column":0},"end":{"line":123,"column":16}},"2":{"start":{"line":162,"column":0},"end":{"line":162,"column":16}},"3":{"start":{"line":1,"column":0},"end":{"line":1,"column":25}},"4":{"start":{"line":2,"column":0},"end":{"line":2,"column":29}},"5":{"start":{"line":52,"column":13},"end":{"line":74,"column":2}},"6":{"start":{"line":81,"column":17},"end":{"line":81,"column":38}},"7":{"start":{"line":83,"column":2},"end":{"line":83,"column":67}},"8":{"start":{"line":83,"column":40},"end":{"line":83,"column":67}},"9":{"start":{"line":84,"column":2},"end":{"line":84,"column":67}},"10":{"start":{"line":84,"column":40},"end":{"line":84,"column":67}},"11":{"start":{"line":85,"column":2},"end":{"line":85,"column":82}},"12":{"start":{"line":85,"column":45},"end":{"line":85,"column":82}},"13":{"start":{"line":86,"column":2},"end":{"line":86,"column":79}},"14":{"start":{"line":86,"column":44},"end":{"line":86,"column":79}},"15":{"start":{"line":88,"column":2},"end":{"line":98,"column":3}},"16":{"start":{"line":89,"column":14},"end":{"line":89,"column":53}},"17":{"start":{"line":90,"column":4},"end":{"line":90,"column":45}},"18":{"start":{"line":91,"column":4},"end":{"line":93,"column":5}},"19":{"start":{"line":92,"column":6},"end":{"line":92,"column":57}},"20":{"start":{"line":94,"column":4},"end":{"line":94,"column":78}},"21":{"start":{"line":94,"column":34},"end":{"line":94,"column":78}},"22":{"start":{"line":95,"column":4},"end":{"line":95,"column":99}},"23":{"start":{"line":95,"column":41},"end":{"line":95,"column":99}},"24":{"start":{"line":96,"column":4},"end":{"line":96,"column":84}},"25":{"start":{"line":96,"column":44},"end":{"line":96,"column":84}},"26":{"start":{"line":97,"column":4},"end":{"line":97,"column":68}},"27":{"start":{"line":97,"column":38},"end":{"line":97,"column":68}},"28":{"start":{"line":100,"column":2},"end":{"line":106,"column":3}},"29":{"start":{"line":101,"column":14},"end":{"line":101,"column":52}},"30":{"start":{"line":102,"column":4},"end":{"line":102,"column":43}},"31":{"start":{"line":103,"column":4},"end":{"line":103,"column":71}},"32":{"start":{"line":103,"column":40},"end":{"line":103,"column":71}},"33":{"start":{"line":104,"column":4},"end":{"line":104,"column":70}},"34":{"start":{"line":104,"column":39},"end":{"line":104,"column":70}},"35":{"start":{"line":105,"column":4},"end":{"line":105,"column":73}},"36":{"start":{"line":105,"column":40},"end":{"line":105,"column":73}},"37":{"start":{"line":108,"column":2},"end":{"line":114,"column":3}},"38":{"start":{"line":109,"column":14},"end":{"line":109,"column":62}},"39":{"start":{"line":110,"column":4},"end":{"line":110,"column":63}},"40":{"start":{"line":111,"column":4},"end":{"line":111,"column":81}},"41":{"start":{"line":111,"column":40},"end":{"line":111,"column":81}},"42":{"start":{"line":112,"column":4},"end":{"line":112,"column":74}},"43":{"start":{"line":112,"column":37},"end":{"line":112,"column":74}},"44":{"start":{"line":113,"column":4},"end":{"line":113,"column":74}},"45":{"start":{"line":113,"column":37},"end":{"line":113,"column":74}},"46":{"start":{"line":116,"column":2},"end":{"line":116,"column":16}},"47":{"start":{"line":124,"column":23},"end":{"line":124,"column":47}},"48":{"start":{"line":126,"column":2},"end":{"line":128,"column":3}},"49":{"start":{"line":127,"column":4},"end":{"line":127,"column":62}},"50":{"start":{"line":130,"column":14},"end":{"line":130,"column":52}},"51":{"start":{"line":133,"column":2},"end":{"line":137,"column":3}},"52":{"start":{"line":134,"column":4},"end":{"line":134,"column":29}},"53":{"start":{"line":136,"column":4},"end":{"line":136,"column":68}},"54":{"start":{"line":139,"column":17},"end":{"line":139,"column":36}},"55":{"start":{"line":140,"column":20},"end":{"line":140,"column":46}},"56":{"start":{"line":143,"column":2},"end":{"line":151,"column":3}},"57":{"start":{"line":144,"column":4},"end":{"line":148,"column":5}},"58":{"start":{"line":145,"column":6},"end":{"line":147,"column":8}},"59":{"start":{"line":149,"column":4},"end":{"line":149,"column":69}},"60":{"start":{"line":150,"column":4},"end":{"line":150,"column":71}},"61":{"start":{"line":153,"column":2},"end":{"line":153,"column":16}},"62":{"start":{"line":163,"column":22},"end":{"line":163,"column":46}},"63":{"start":{"line":166,"column":2},"end":{"line":172,"column":3}},"64":{"start":{"line":167,"column":23},"end":{"line":167,"column":44}},"65":{"start":{"line":168,"column":4},"end":{"line":168,"column":40}},"66":{"start":{"line":169,"column":4},"end":{"line":169,"column":69}},"67":{"start":{"line":171,"column":4},"end":{"line":171,"column":153}},"68":{"start":{"line":175,"column":2},"end":{"line":180,"column":3}},"69":{"start":{"line":176,"column":20},"end":{"line":176,"column":50}},"70":{"start":{"line":177,"column":4},"end":{"line":179,"column":5}},"71":{"start":{"line":178,"column":6},"end":{"line":178,"column":28}},"72":{"start":{"line":183,"column":24},"end":{"line":183,"column":51}},"73":{"start":{"line":184,"column":2},"end":{"line":186,"column":3}},"74":{"start":{"line":185,"column":4},"end":{"line":185,"column":60}},"75":{"start":{"line":189,"column":2},"end":{"line":191,"column":3}},"76":{"start":{"line":190,"column":4},"end":{"line":190,"column":58}},"77":{"start":{"line":193,"column":2},"end":{"line":193,"column":16}}},"fnMap":{"0":{"name":"mergeConfig","decl":{"start":{"line":80,"column":16},"end":{"line":80,"column":27}},"loc":{"start":{"line":80,"column":60},"end":{"line":117,"column":1}}},"1":{"name":"loadConfigFile","decl":{"start":{"line":123,"column":16},"end":{"line":123,"column":30}},"loc":{"start":{"line":123,"column":49},"end":{"line":154,"column":1}}},"2":{"name":"resolveConfig","decl":{"start":{"line":162,"column":16},"end":{"line":162,"column":29}},"loc":{"start":{"line":162,"column":59},"end":{"line":194,"column":1}}}},"branchMap":{"0":{"loc":{"start":{"line":83,"column":2},"end":{"line":83,"column":67}},"type":"if","locations":[{"start":{"line":83,"column":2},"end":{"line":83,"column":67}}]},"1":{"loc":{"start":{"line":84,"column":2},"end":{"line":84,"column":67}},"type":"if","locations":[{"start":{"line":84,"column":2},"end":{"line":84,"column":67}}]},"2":{"loc":{"start":{"line":85,"column":2},"end":{"line":85,"column":82}},"type":"if","locations":[{"start":{"line":85,"column":2},"end":{"line":85,"column":82}}]},"3":{"loc":{"start":{"line":86,"column":2},"end":{"line":86,"column":79}},"type":"if","locations":[{"start":{"line":86,"column":2},"end":{"line":86,"column":79}}]},"4":{"loc":{"start":{"line":88,"column":2},"end":{"line":98,"column":3}},"type":"if","locations":[{"start":{"line":88,"column":2},"end":{"line":98,"column":3}}]},"5":{"loc":{"start":{"line":88,"column":6},"end":{"line":88,"column":54}},"type":"binary-expr","locations":[{"start":{"line":88,"column":6},"end":{"line":88,"column":18}},{"start":{"line":88,"column":22},"end":{"line":88,"column":54}}]},"6":{"loc":{"start":{"line":91,"column":4},"end":{"line":93,"column":5}},"type":"if","locations":[{"start":{"line":91,"column":4},"end":{"line":93,"column":5}}]},"7":{"loc":{"start":{"line":91,"column":8},"end":{"line":91,"column":63}},"type":"binary-expr","locations":[{"start":{"line":91,"column":8},"end":{"line":91,"column":36}},{"start":{"line":91,"column":40},"end":{"line":91,"column":63}}]},"8":{"loc":{"start":{"line":94,"column":4},"end":{"line":94,"column":78}},"type":"if","locations":[{"start":{"line":94,"column":4},"end":{"line":94,"column":78}}]},"9":{"loc":{"start":{"line":95,"column":4},"end":{"line":95,"column":99}},"type":"if","locations":[{"start":{"line":95,"column":4},"end":{"line":95,"column":99}}]},"10":{"loc":{"start":{"line":96,"column":4},"end":{"line":96,"column":84}},"type":"if","locations":[{"start":{"line":96,"column":4},"end":{"line":96,"column":84}}]},"11":{"loc":{"start":{"line":97,"column":4},"end":{"line":97,"column":68}},"type":"if","locations":[{"start":{"line":97,"column":4},"end":{"line":97,"column":68}}]},"12":{"loc":{"start":{"line":100,"column":2},"end":{"line":106,"column":3}},"type":"if","locations":[{"start":{"line":100,"column":2},"end":{"line":106,"column":3}}]},"13":{"loc":{"start":{"line":100,"column":6},"end":{"line":100,"column":52}},"type":"binary-expr","locations":[{"start":{"line":100,"column":6},"end":{"line":100,"column":17}},{"start":{"line":100,"column":21},"end":{"line":100,"column":52}}]},"14":{"loc":{"start":{"line":103,"column":4},"end":{"line":103,"column":71}},"type":"if","locations":[{"start":{"line":103,"column":4},"end":{"line":103,"column":71}}]},"15":{"loc":{"start":{"line":104,"column":4},"end":{"line":104,"column":70}},"type":"if","locations":[{"start":{"line":104,"column":4},"end":{"line":104,"column":70}}]},"16":{"loc":{"start":{"line":105,"column":4},"end":{"line":105,"column":73}},"type":"if","locations":[{"start":{"line":105,"column":4},"end":{"line":105,"column":73}}]},"17":{"loc":{"start":{"line":108,"column":2},"end":{"line":114,"column":3}},"type":"if","locations":[{"start":{"line":108,"column":2},"end":{"line":114,"column":3}}]},"18":{"loc":{"start":{"line":108,"column":6},"end":{"line":108,"column":72}},"type":"binary-expr","locations":[{"start":{"line":108,"column":6},"end":{"line":108,"column":27}},{"start":{"line":108,"column":31},"end":{"line":108,"column":72}}]},"19":{"loc":{"start":{"line":111,"column":4},"end":{"line":111,"column":81}},"type":"if","locations":[{"start":{"line":111,"column":4},"end":{"line":111,"column":81}}]},"20":{"loc":{"start":{"line":112,"column":4},"end":{"line":112,"column":74}},"type":"if","locations":[{"start":{"line":112,"column":4},"end":{"line":112,"column":74}}]},"21":{"loc":{"start":{"line":113,"column":4},"end":{"line":113,"column":74}},"type":"if","locations":[{"start":{"line":113,"column":4},"end":{"line":113,"column":74}}]},"22":{"loc":{"start":{"line":126,"column":2},"end":{"line":128,"column":3}},"type":"if","locations":[{"start":{"line":126,"column":2},"end":{"line":128,"column":3}}]},"23":{"loc":{"start":{"line":143,"column":2},"end":{"line":151,"column":3}},"type":"if","locations":[{"start":{"line":143,"column":2},"end":{"line":151,"column":3}}]},"24":{"loc":{"start":{"line":144,"column":4},"end":{"line":148,"column":5}},"type":"if","locations":[{"start":{"line":144,"column":4},"end":{"line":148,"column":5}}]},"25":{"loc":{"start":{"line":144,"column":8},"end":{"line":144,"column":51}},"type":"binary-expr","locations":[{"start":{"line":144,"column":8},"end":{"line":144,"column":27}},{"start":{"line":144,"column":31},"end":{"line":144,"column":51}}]},"26":{"loc":{"start":{"line":162,"column":30},"end":{"line":162,"column":59}},"type":"default-arg","locations":[{"start":{"line":162,"column":47},"end":{"line":162,"column":59}}]},"27":{"loc":{"start":{"line":166,"column":2},"end":{"line":172,"column":3}},"type":"if","locations":[{"start":{"line":166,"column":2},"end":{"line":172,"column":3}},{"start":{"line":170,"column":9},"end":{"line":172,"column":3}}]},"28":{"loc":{"start":{"line":166,"column":6},"end":{"line":166,"column":49}},"type":"binary-expr","locations":[{"start":{"line":166,"column":6},"end":{"line":166,"column":24}},{"start":{"line":166,"column":28},"end":{"line":166,"column":49}}]},"29":{"loc":{"start":{"line":175,"column":2},"end":{"line":180,"column":3}},"type":"if","locations":[{"start":{"line":175,"column":2},"end":{"line":180,"column":3}}]},"30":{"loc":{"start":{"line":177,"column":4},"end":{"line":179,"column":5}},"type":"if","locations":[{"start":{"line":177,"column":4},"end":{"line":179,"column":5}}]},"31":{"loc":{"start":{"line":184,"column":2},"end":{"line":186,"column":3}},"type":"if","locations":[{"start":{"line":184,"column":2},"end":{"line":186,"column":3}}]},"32":{"loc":{"start":{"line":184,"column":6},"end":{"line":184,"column":53}},"type":"binary-expr","locations":[{"start":{"line":184,"column":6},"end":{"line":184,"column":26}},{"start":{"line":184,"column":30},"end":{"line":184,"column":53}}]},"33":{"loc":{"start":{"line":189,"column":2},"end":{"line":191,"column":3}},"type":"if","locations":[{"start":{"line":189,"column":2},"end":{"line":191,"column":3}}]}},"s":{"0":1,"1":1,"2":1,"3":1,"4":1,"5":1,"6":18,"7":18,"8":4,"9":18,"10":2,"11":18,"12":1,"13":18,"14":1,"15":18,"16":2,"17":2,"18":2,"19":2,"20":2,"21":0,"22":2,"23":0,"24":2,"25":0,"26":2,"27":0,"28":18,"29":5,"30":5,"31":5,"32":5,"33":5,"34":4,"35":5,"36":4,"37":18,"38":1,"39":1,"40":1,"41":1,"42":1,"43":1,"44":1,"45":1,"46":18,"47":9,"48":9,"49":1,"50":8,"51":8,"52":8,"53":1,"54":7,"55":7,"56":7,"57":3,"58":2,"59":1,"60":1,"61":5,"62":7,"63":7,"64":2,"65":2,"66":2,"67":5,"68":7,"69":2,"70":2,"71":2,"72":7,"73":7,"74":2,"75":7,"76":2,"77":7},"f":{"0":18,"1":9,"2":7},"b":{"0":[4],"1":[2],"2":[1],"3":[1],"4":[2],"5":[18,2],"6":[2],"7":[2,1],"8":[0],"9":[0],"10":[0],"11":[0],"12":[5],"13":[18,5],"14":[5],"15":[4],"16":[4],"17":[1],"18":[18,1],"19":[1],"20":[1],"21":[1],"22":[1],"23":[3],"24":[2],"25":[3,2],"26":[0],"27":[2,5],"28":[7,2],"29":[2],"30":[2],"31":[2],"32":[7,2],"33":[2]}}
,"/home/runner/work/Api-Specs/Api-Specs/mock-server/src/discovery.ts": {"path":"/home/runner/work/Api-Specs/Api-Specs/mock-server/src/discovery.ts","statementMap":{"0":{"start":{"line":1,"column":0},"end":{"line":1,"column":25}},"1":{"start":{"line":2,"column":0},"end":{"line":2,"column":29}},"2":{"start":{"line":17,"column":4},"end":{"line":17,"column":39}},"3":{"start":{"line":24,"column":30},"end":{"line":24,"column":32}},"4":{"start":{"line":26,"column":4},"end":{"line":29,"column":5}},"5":{"start":{"line":27,"column":6},"end":{"line":27,"column":70}},"6":{"start":{"line":28,"column":6},"end":{"line":28,"column":19}},"7":{"start":{"line":31,"column":20},"end":{"line":33,"column":33}},"8":{"start":{"line":32,"column":24},"end":{"line":32,"column":44}},"9":{"start":{"line":33,"column":21},"end":{"line":33,"column":32}},"10":{"start":{"line":35,"column":4},"end":{"line":150,"column":5}},"11":{"start":{"line":36,"column":25},"end":{"line":36,"column":62}},"12":{"start":{"line":39,"column":26},"end":{"line":39,"column":58}},"13":{"start":{"line":40,"column":6},"end":{"line":53,"column":7}},"14":{"start":{"line":41,"column":29},"end":{"line":42,"column":46}},"15":{"start":{"line":42,"column":23},"end":{"line":42,"column":45}},"16":{"start":{"line":44,"column":8},"end":{"line":52,"column":9}},"17":{"start":{"line":45,"column":10},"end":{"line":51,"column":13}},"18":{"start":{"line":56,"column":23},"end":{"line":56,"column":52}},"19":{"start":{"line":57,"column":6},"end":{"line":70,"column":7}},"20":{"start":{"line":58,"column":26},"end":{"line":59,"column":43}},"21":{"start":{"line":59,"column":23},"end":{"line":59,"column":42}},"22":{"start":{"line":61,"column":8},"end":{"line":69,"column":9}},"23":{"start":{"line":62,"column":10},"end":{"line":68,"column":13}},"24":{"start":{"line":73,"column":23},"end":{"line":73,"column":52}},"25":{"start":{"line":74,"column":6},"end":{"line":149,"column":7}},"26":{"start":{"line":77,"column":28},"end":{"line":77,"column":58}},"27":{"start":{"line":78,"column":8},"end":{"line":114,"column":9}},"28":{"start":{"line":80,"column":27},"end":{"line":80,"column":57}},"29":{"start":{"line":81,"column":10},"end":{"line":95,"column":11}},"30":{"start":{"line":82,"column":30},"end":{"line":83,"column":47}},"31":{"start":{"line":83,"column":27},"end":{"line":83,"column":46}},"32":{"start":{"line":85,"column":12},"end":{"line":94,"column":13}},"33":{"start":{"line":86,"column":14},"end":{"line":93,"column":17}},"34":{"start":{"line":98,"column":27},"end":{"line":98,"column":57}},"35":{"start":{"line":99,"column":10},"end":{"line":113,"column":11}},"36":{"start":{"line":100,"column":30},"end":{"line":101,"column":69}},"37":{"start":{"line":101,"column":27},"end":{"line":101,"column":68}},"38":{"start":{"line":103,"column":12},"end":{"line":112,"column":13}},"39":{"start":{"line":104,"column":14},"end":{"line":111,"column":17}},"40":{"start":{"line":117,"column":25},"end":{"line":117,"column":52}},"41":{"start":{"line":118,"column":8},"end":{"line":131,"column":9}},"42":{"start":{"line":119,"column":28},"end":{"line":120,"column":45}},"43":{"start":{"line":120,"column":25},"end":{"line":120,"column":44}},"44":{"start":{"line":122,"column":10},"end":{"line":130,"column":11}},"45":{"start":{"line":123,"column":12},"end":{"line":129,"column":15}},"46":{"start":{"line":134,"column":25},"end":{"line":134,"column":52}},"47":{"start":{"line":135,"column":8},"end":{"line":148,"column":9}},"48":{"start":{"line":136,"column":28},"end":{"line":137,"column":45}},"49":{"start":{"line":137,"column":25},"end":{"line":137,"column":44}},"50":{"start":{"line":139,"column":10},"end":{"line":147,"column":11}},"51":{"start":{"line":140,"column":12},"end":{"line":146,"column":15}},"52":{"start":{"line":152,"column":4},"end":{"line":152,"column":17}},"53":{"start":{"line":157,"column":23},"end":{"line":157,"column":88}},"54":{"start":{"line":159,"column":4},"end":{"line":159,"column":57}},"55":{"start":{"line":13,"column":0},"end":{"line":13,"column":13}}},"fnMap":{"0":{"name":"(anonymous_9)","decl":{"start":{"line":16,"column":2},"end":{"line":16,"column":14}},"loc":{"start":{"line":16,"column":35},"end":{"line":18,"column":3}}},"1":{"name":"(anonymous_10)","decl":{"start":{"line":23,"column":2},"end":{"line":23,"column":15}},"loc":{"start":{"line":23,"column":15},"end":{"line":153,"column":3}}},"2":{"name":"(anonymous_11)","decl":{"start":{"line":32,"column":14},"end":{"line":32,"column":20}},"loc":{"start":{"line":32,"column":24},"end":{"line":32,"column":44}}},"3":{"name":"(anonymous_12)","decl":{"start":{"line":33,"column":11},"end":{"line":33,"column":17}},"loc":{"start":{"line":33,"column":21},"end":{"line":33,"column":32}}},"4":{"name":"(anonymous_13)","decl":{"start":{"line":42,"column":18},"end":{"line":42,"column":19}},"loc":{"start":{"line":42,"column":23},"end":{"line":42,"column":45}}},"5":{"name":"(anonymous_14)","decl":{"start":{"line":59,"column":18},"end":{"line":59,"column":19}},"loc":{"start":{"line":59,"column":23},"end":{"line":59,"column":42}}},"6":{"name":"(anonymous_15)","decl":{"start":{"line":83,"column":22},"end":{"line":83,"column":23}},"loc":{"start":{"line":83,"column":27},"end":{"line":83,"column":46}}},"7":{"name":"(anonymous_16)","decl":{"start":{"line":101,"column":22},"end":{"line":101,"column":23}},"loc":{"start":{"line":101,"column":27},"end":{"line":101,"column":68}}},"8":{"name":"(anonymous_17)","decl":{"start":{"line":120,"column":20},"end":{"line":120,"column":21}},"loc":{"start":{"line":120,"column":25},"end":{"line":120,"column":44}}},"9":{"name":"(anonymous_18)","decl":{"start":{"line":137,"column":20},"end":{"line":137,"column":21}},"loc":{"start":{"line":137,"column":25},"end":{"line":137,"column":44}}},"10":{"name":"(anonymous_19)","decl":{"start":{"line":155,"column":10},"end":{"line":155,"column":24}},"loc":{"start":{"line":155,"column":41},"end":{"line":160,"column":3}}}},"branchMap":{"0":{"loc":{"start":{"line":26,"column":4},"end":{"line":29,"column":5}},"type":"if","locations":[{"start":{"line":26,"column":4},"end":{"line":29,"column":5}}]},"1":{"loc":{"start":{"line":40,"column":6},"end":{"line":53,"column":7}},"type":"if","locations":[{"start":{"line":40,"column":6},"end":{"line":53,"column":7}}]},"2":{"loc":{"start":{"line":57,"column":6},"end":{"line":70,"column":7}},"type":"if","locations":[{"start":{"line":57,"column":6},"end":{"line":70,"column":7}}]},"3":{"loc":{"start":{"line":74,"column":6},"end":{"line":149,"column":7}},"type":"if","locations":[{"start":{"line":74,"column":6},"end":{"line":149,"column":7}}]},"4":{"loc":{"start":{"line":78,"column":8},"end":{"line":114,"column":9}},"type":"if","locations":[{"start":{"line":78,"column":8},"end":{"line":114,"column":9}}]},"5":{"loc":{"start":{"line":81,"column":10},"end":{"line":95,"column":11}},"type":"if","locations":[{"start":{"line":81,"column":10},"end":{"line":95,"column":11}}]},"6":{"loc":{"start":{"line":99,"column":10},"end":{"line":113,"column":11}},"type":"if","locations":[{"start":{"line":99,"column":10},"end":{"line":113,"column":11}}]},"7":{"loc":{"start":{"line":101,"column":27},"end":{"line":101,"column":68}},"type":"binary-expr","locations":[{"start":{"line":101,"column":27},"end":{"line":101,"column":46}},{"start":{"line":101,"column":50},"end":{"line":101,"column":68}}]},"8":{"loc":{"start":{"line":118,"column":8},"end":{"line":131,"column":9}},"type":"if","locations":[{"start":{"line":118,"column":8},"end":{"line":131,"column":9}}]},"9":{"loc":{"start":{"line":135,"column":8},"end":{"line":148,"column":9}},"type":"if","locations":[{"start":{"line":135,"column":8},"end":{"line":148,"column":9}}]}},"s":{"0":1,"1":1,"2":10,"3":10,"4":10,"5":1,"6":1,"7":9,"8":10,"9":10,"10":9,"11":10,"12":10,"13":10,"14":3,"15":2,"16":3,"17":2,"18":10,"19":10,"20":3,"21":2,"22":3,"23":2,"24":10,"25":10,"26":6,"27":6,"28":6,"29":6,"30":6,"31":2,"32":6,"33":2,"34":6,"35":6,"36":6,"37":1,"38":6,"39":1,"40":6,"41":6,"42":6,"43":1,"44":6,"45":1,"46":6,"47":6,"48":6,"49":1,"50":6,"51":1,"52":9,"53":9,"54":9,"55":1},"f":{"0":10,"1":10,"2":10,"3":10,"4":2,"5":2,"6":2,"7":1,"8":1,"9":1,"10":9},"b":{"0":[1],"1":[3],"2":[3],"3":[6],"4":[6],"5":[6],"6":[6],"7":[1,0],"8":[6],"9":[6]}}
,"/home/runner/work/Api-Specs/Api-Specs/mock-server/src/generators/graphql-generator.ts": {"path":"/home/runner/work/Api-Specs/Api-Specs/mock-server/src/generators/graphql-generator.ts","statementMap":{"0":{"start":{"line":1,"column":0},"end":{"line":1,"column":25}},"1":{"start":{"line":2,"column":0},"end":{"line":2,"column":120}},"2":{"start":{"line":3,"column":0},"end":{"line":3,"column":40}},"3":{"start":{"line":10,"column":4},"end":{"line":10,"column":57}},"4":{"start":{"line":11,"column":4},"end":{"line":11,"column":47}},"5":{"start":{"line":15,"column":4},"end":{"line":15,"column":23}},"6":{"start":{"line":19,"column":4},"end":{"line":19,"column":27}},"7":{"start":{"line":26,"column":4},"end":{"line":28,"column":5}},"8":{"start":{"line":27,"column":6},"end":{"line":27,"column":16}},"9":{"start":{"line":30,"column":69},"end":{"line":30,"column":71}},"10":{"start":{"line":33,"column":22},"end":{"line":33,"column":48}},"11":{"start":{"line":34,"column":4},"end":{"line":36,"column":5}},"12":{"start":{"line":35,"column":6},"end":{"line":35,"column":63}},"13":{"start":{"line":39,"column":25},"end":{"line":39,"column":54}},"14":{"start":{"line":40,"column":4},"end":{"line":42,"column":5}},"15":{"start":{"line":41,"column":6},"end":{"line":41,"column":69}},"16":{"start":{"line":44,"column":4},"end":{"line":44,"column":21}},"17":{"start":{"line":48,"column":53},"end":{"line":48,"column":55}},"18":{"start":{"line":49,"column":19},"end":{"line":49,"column":35}},"19":{"start":{"line":51,"column":4},"end":{"line":55,"column":5}},"20":{"start":{"line":52,"column":6},"end":{"line":54,"column":8}},"21":{"start":{"line":53,"column":8},"end":{"line":53,"column":49}},"22":{"start":{"line":57,"column":4},"end":{"line":57,"column":21}},"23":{"start":{"line":62,"column":4},"end":{"line":64,"column":5}},"24":{"start":{"line":63,"column":6},"end":{"line":63,"column":18}},"25":{"start":{"line":66,"column":21},"end":{"line":66,"column":36}},"26":{"start":{"line":69,"column":4},"end":{"line":72,"column":5}},"27":{"start":{"line":70,"column":25},"end":{"line":70,"column":74}},"28":{"start":{"line":71,"column":6},"end":{"line":71,"column":53}},"29":{"start":{"line":75,"column":4},"end":{"line":79,"column":5}},"30":{"start":{"line":76,"column":25},"end":{"line":76,"column":71}},"31":{"start":{"line":77,"column":24},"end":{"line":77,"column":60}},"32":{"start":{"line":78,"column":6},"end":{"line":78,"column":98}},"33":{"start":{"line":78,"column":53},"end":{"line":78,"column":96}},"34":{"start":{"line":82,"column":4},"end":{"line":105,"column":5}},"35":{"start":{"line":84,"column":8},"end":{"line":84,"column":36}},"36":{"start":{"line":86,"column":8},"end":{"line":86,"column":55}},"37":{"start":{"line":88,"column":8},"end":{"line":88,"column":76}},"38":{"start":{"line":90,"column":8},"end":{"line":90,"column":40}},"39":{"start":{"line":92,"column":8},"end":{"line":92,"column":35}},"40":{"start":{"line":94,"column":8},"end":{"line":94,"column":49}},"41":{"start":{"line":96,"column":8},"end":{"line":96,"column":63}},"42":{"start":{"line":98,"column":8},"end":{"line":98,"column":35}},"43":{"start":{"line":100,"column":8},"end":{"line":100,"column":38}},"44":{"start":{"line":102,"column":8},"end":{"line":102,"column":36}},"45":{"start":{"line":104,"column":8},"end":{"line":104,"column":46}},"46":{"start":{"line":108,"column":4},"end":{"line":118,"column":5}},"47":{"start":{"line":109,"column":25},"end":{"line":109,"column":50}},"48":{"start":{"line":110,"column":43},"end":{"line":110,"column":45}},"49":{"start":{"line":111,"column":21},"end":{"line":111,"column":43}},"50":{"start":{"line":113,"column":6},"end":{"line":115,"column":7}},"51":{"start":{"line":114,"column":8},"end":{"line":114,"column":70}},"52":{"start":{"line":117,"column":6},"end":{"line":117,"column":17}},"53":{"start":{"line":121,"column":4},"end":{"line":121,"column":16}},"54":{"start":{"line":126,"column":18},"end":{"line":126,"column":52}},"55":{"start":{"line":127,"column":16},"end":{"line":127,"column":29}},"56":{"start":{"line":130,"column":4},"end":{"line":140,"column":5}},"57":{"start":{"line":131,"column":6},"end":{"line":139,"column":7}},"58":{"start":{"line":132,"column":24},"end":{"line":132,"column":57}},"59":{"start":{"line":133,"column":8},"end":{"line":138,"column":9}},"60":{"start":{"line":134,"column":10},"end":{"line":134,"column":26}},"61":{"start":{"line":135,"column":15},"end":{"line":138,"column":9}},"62":{"start":{"line":136,"column":10},"end":{"line":136,"column":32}},"63":{"start":{"line":137,"column":10},"end":{"line":137,"column":16}},"64":{"start":{"line":142,"column":4},"end":{"line":142,"column":34}},"65":{"start":{"line":5,"column":0},"end":{"line":5,"column":13}}},"fnMap":{"0":{"name":"(anonymous_9)","decl":{"start":{"line":9,"column":2},"end":{"line":9,"column":10}},"loc":{"start":{"line":9,"column":27},"end":{"line":12,"column":3}}},"1":{"name":"(anonymous_10)","decl":{"start":{"line":14,"column":2},"end":{"line":14,"column":11}},"loc":{"start":{"line":14,"column":11},"end":{"line":16,"column":3}}},"2":{"name":"(anonymous_11)","decl":{"start":{"line":18,"column":2},"end":{"line":18,"column":15}},"loc":{"start":{"line":18,"column":15},"end":{"line":20,"column":3}}},"3":{"name":"(anonymous_12)","decl":{"start":{"line":25,"column":2},"end":{"line":25,"column":21}},"loc":{"start":{"line":25,"column":21},"end":{"line":45,"column":3}}},"4":{"name":"(anonymous_13)","decl":{"start":{"line":47,"column":10},"end":{"line":47,"column":32}},"loc":{"start":{"line":47,"column":56},"end":{"line":58,"column":3}}},"5":{"name":"(anonymous_14)","decl":{"start":{"line":52,"column":29},"end":{"line":52,"column":32}},"loc":{"start":{"line":52,"column":34},"end":{"line":54,"column":7}}},"6":{"name":"(anonymous_15)","decl":{"start":{"line":60,"column":10},"end":{"line":60,"column":26}},"loc":{"start":{"line":60,"column":69},"end":{"line":122,"column":3}}},"7":{"name":"(anonymous_16)","decl":{"start":{"line":78,"column":47},"end":{"line":78,"column":50}},"loc":{"start":{"line":78,"column":53},"end":{"line":78,"column":96}}},"8":{"name":"(anonymous_17)","decl":{"start":{"line":124,"column":2},"end":{"line":124,"column":12}},"loc":{"start":{"line":124,"column":12},"end":{"line":143,"column":3}}}},"branchMap":{"0":{"loc":{"start":{"line":26,"column":4},"end":{"line":28,"column":5}},"type":"if","locations":[{"start":{"line":26,"column":4},"end":{"line":28,"column":5}}]},"1":{"loc":{"start":{"line":34,"column":4},"end":{"line":36,"column":5}},"type":"if","locations":[{"start":{"line":34,"column":4},"end":{"line":36,"column":5}}]},"2":{"loc":{"start":{"line":40,"column":4},"end":{"line":42,"column":5}},"type":"if","locations":[{"start":{"line":40,"column":4},"end":{"line":42,"column":5}}]},"3":{"loc":{"start":{"line":60,"column":52},"end":{"line":60,"column":69}},"type":"default-arg","locations":[{"start":{"line":60,"column":68},"end":{"line":60,"column":69}}]},"4":{"loc":{"start":{"line":62,"column":4},"end":{"line":64,"column":5}},"type":"if","locations":[{"start":{"line":62,"column":4},"end":{"line":64,"column":5}}]},"5":{"loc":{"start":{"line":69,"column":4},"end":{"line":72,"column":5}},"type":"if","locations":[{"start":{"line":69,"column":4},"end":{"line":72,"column":5}}]},"6":{"loc":{"start":{"line":75,"column":4},"end":{"line":79,"column":5}},"type":"if","locations":[{"start":{"line":75,"column":4},"end":{"line":79,"column":5}}]},"7":{"loc":{"start":{"line":82,"column":4},"end":{"line":105,"column":5}},"type":"switch","locations":[{"start":{"line":83,"column":6},"end":{"line":84,"column":36}},{"start":{"line":85,"column":6},"end":{"line":86,"column":55}},{"start":{"line":87,"column":6},"end":{"line":88,"column":76}},{"start":{"line":89,"column":6},"end":{"line":90,"column":40}},{"start":{"line":91,"column":6},"end":{"line":92,"column":35}},{"start":{"line":93,"column":6},"end":{"line":94,"column":49}},{"start":{"line":95,"column":6},"end":{"line":96,"column":63}},{"start":{"line":97,"column":6},"end":{"line":98,"column":35}},{"start":{"line":99,"column":6},"end":{"line":100,"column":38}},{"start":{"line":101,"column":6},"end":{"line":102,"column":36}},{"start":{"line":103,"column":6},"end":{"line":104,"column":46}}]},"8":{"loc":{"start":{"line":108,"column":4},"end":{"line":118,"column":5}},"type":"if","locations":[{"start":{"line":108,"column":4},"end":{"line":118,"column":5}}]},"9":{"loc":{"start":{"line":108,"column":8},"end":{"line":108,"column":67}},"type":"binary-expr","locations":[{"start":{"line":108,"column":8},"end":{"line":108,"column":27}},{"start":{"line":108,"column":31},"end":{"line":108,"column":67}}]},"10":{"loc":{"start":{"line":126,"column":18},"end":{"line":126,"column":52}},"type":"binary-expr","locations":[{"start":{"line":126,"column":18},"end":{"line":126,"column":46}},{"start":{"line":126,"column":50},"end":{"line":126,"column":52}}]},"11":{"loc":{"start":{"line":131,"column":6},"end":{"line":139,"column":7}},"type":"if","locations":[{"start":{"line":131,"column":6},"end":{"line":139,"column":7}}]},"12":{"loc":{"start":{"line":131,"column":10},"end":{"line":131,"column":52}},"type":"binary-expr","locations":[{"start":{"line":131,"column":10},"end":{"line":131,"column":30}},{"start":{"line":131,"column":34},"end":{"line":131,"column":52}}]},"13":{"loc":{"start":{"line":133,"column":8},"end":{"line":138,"column":9}},"type":"if","locations":[{"start":{"line":133,"column":8},"end":{"line":138,"column":9}},{"start":{"line":135,"column":15},"end":{"line":138,"column":9}}]},"14":{"loc":{"start":{"line":133,"column":12},"end":{"line":133,"column":29}},"type":"binary-expr","locations":[{"start":{"line":133,"column":12},"end":{"line":133,"column":19}},{"start":{"line":133,"column":23},"end":{"line":133,"column":29}}]},"15":{"loc":{"start":{"line":135,"column":15},"end":{"line":138,"column":9}},"type":"if","locations":[{"start":{"line":135,"column":15},"end":{"line":138,"column":9}}]}},"s":{"0":1,"1":1,"2":1,"3":12,"4":12,"5":2,"6":2,"7":8,"8":1,"9":7,"10":7,"11":7,"12":6,"13":7,"14":7,"15":1,"16":7,"17":7,"18":7,"19":7,"20":16,"21":14,"22":7,"23":21,"24":0,"25":21,"26":21,"27":1,"28":1,"29":20,"30":1,"31":1,"32":1,"33":4,"34":19,"35":7,"36":1,"37":1,"38":1,"39":2,"40":1,"41":1,"42":1,"43":1,"44":1,"45":1,"46":1,"47":1,"48":1,"49":1,"50":1,"51":2,"52":1,"53":0,"54":3,"55":3,"56":3,"57":13,"58":5,"59":5,"60":0,"61":5,"62":1,"63":1,"64":3,"65":1},"f":{"0":12,"1":2,"2":2,"3":8,"4":7,"5":14,"6":21,"7":4,"8":3},"b":{"0":[1],"1":[6],"2":[1],"3":[14],"4":[0],"5":[1],"6":[1],"7":[7,1,1,1,2,1,1,1,1,1,1],"8":[1],"9":[1,1],"10":[3,1],"11":[5],"12":[13,9],"13":[0,5],"14":[5,1],"15":[1]}}
,"/home/runner/work/Api-Specs/Api-Specs/mock-server/src/generators/openapi-generator.ts": {"path":"/home/runner/work/Api-Specs/Api-Specs/mock-server/src/generators/openapi-generator.ts","statementMap":{"0":{"start":{"line":1,"column":0},"end":{"line":1,"column":56}},"1":{"start":{"line":2,"column":0},"end":{"line":2,"column":40}},"2":{"start":{"line":58,"column":4},"end":{"line":58,"column":77}},"3":{"start":{"line":62,"column":4},"end":{"line":64,"column":5}},"4":{"start":{"line":63,"column":6},"end":{"line":63,"column":16}},"5":{"start":{"line":66,"column":38},"end":{"line":66,"column":40}},"6":{"start":{"line":68,"column":4},"end":{"line":86,"column":5}},"7":{"start":{"line":69,"column":6},"end":{"line":69,"column":30}},"8":{"start":{"line":69,"column":21},"end":{"line":69,"column":30}},"9":{"start":{"line":71,"column":22},"end":{"line":71,"column":91}},"10":{"start":{"line":73,"column":6},"end":{"line":85,"column":7}},"11":{"start":{"line":74,"column":26},"end":{"line":74,"column":42}},"12":{"start":{"line":75,"column":8},"end":{"line":84,"column":9}},"13":{"start":{"line":76,"column":10},"end":{"line":83,"column":13}},"14":{"start":{"line":88,"column":4},"end":{"line":88,"column":21}},"15":{"start":{"line":92,"column":22},"end":{"line":92,"column":40}},"16":{"start":{"line":95,"column":25},"end":{"line":95,"column":53}},"17":{"start":{"line":97,"column":21},"end":{"line":97,"column":24}},"18":{"start":{"line":99,"column":4},"end":{"line":105,"column":5}},"19":{"start":{"line":100,"column":6},"end":{"line":104,"column":7}},"20":{"start":{"line":101,"column":8},"end":{"line":101,"column":39}},"21":{"start":{"line":102,"column":8},"end":{"line":102,"column":36}},"22":{"start":{"line":103,"column":8},"end":{"line":103,"column":14}},"23":{"start":{"line":107,"column":4},"end":{"line":114,"column":5}},"24":{"start":{"line":109,"column":24},"end":{"line":109,"column":49}},"25":{"start":{"line":110,"column":6},"end":{"line":113,"column":7}},"26":{"start":{"line":111,"column":8},"end":{"line":111,"column":44}},"27":{"start":{"line":112,"column":8},"end":{"line":112,"column":48}},"28":{"start":{"line":116,"column":4},"end":{"line":118,"column":5}},"29":{"start":{"line":117,"column":6},"end":{"line":117,"column":58}},"30":{"start":{"line":120,"column":24},"end":{"line":120,"column":64}},"31":{"start":{"line":121,"column":4},"end":{"line":123,"column":5}},"32":{"start":{"line":122,"column":6},"end":{"line":122,"column":58}},"33":{"start":{"line":125,"column":19},"end":{"line":125,"column":37}},"34":{"start":{"line":126,"column":21},"end":{"line":126,"column":52}},"35":{"start":{"line":128,"column":4},"end":{"line":128,"column":42}},"36":{"start":{"line":133,"column":4},"end":{"line":135,"column":5}},"37":{"start":{"line":134,"column":6},"end":{"line":134,"column":18}},"38":{"start":{"line":137,"column":4},"end":{"line":147,"column":5}},"39":{"start":{"line":138,"column":43},"end":{"line":138,"column":45}},"40":{"start":{"line":140,"column":6},"end":{"line":144,"column":7}},"41":{"start":{"line":141,"column":8},"end":{"line":143,"column":9}},"42":{"start":{"line":142,"column":10},"end":{"line":142,"column":62}},"43":{"start":{"line":146,"column":6},"end":{"line":146,"column":17}},"44":{"start":{"line":149,"column":4},"end":{"line":156,"column":5}},"45":{"start":{"line":150,"column":24},"end":{"line":150,"column":60}},"46":{"start":{"line":151,"column":20},"end":{"line":151,"column":32}},"47":{"start":{"line":152,"column":6},"end":{"line":154,"column":7}},"48":{"start":{"line":153,"column":8},"end":{"line":153,"column":18}},"49":{"start":{"line":155,"column":6},"end":{"line":155,"column":96}},"50":{"start":{"line":155,"column":53},"end":{"line":155,"column":94}},"51":{"start":{"line":158,"column":4},"end":{"line":178,"column":5}},"52":{"start":{"line":159,"column":6},"end":{"line":161,"column":7}},"53":{"start":{"line":160,"column":8},"end":{"line":160,"column":55}},"54":{"start":{"line":162,"column":6},"end":{"line":164,"column":7}},"55":{"start":{"line":163,"column":8},"end":{"line":163,"column":49}},"56":{"start":{"line":165,"column":6},"end":{"line":167,"column":7}},"57":{"start":{"line":166,"column":8},"end":{"line":166,"column":63}},"58":{"start":{"line":168,"column":6},"end":{"line":170,"column":7}},"59":{"start":{"line":169,"column":8},"end":{"line":169,"column":38}},"60":{"start":{"line":171,"column":6},"end":{"line":173,"column":7}},"61":{"start":{"line":172,"column":8},"end":{"line":172,"column":36}},"62":{"start":{"line":174,"column":6},"end":{"line":176,"column":7}},"63":{"start":{"line":175,"column":8},"end":{"line":175,"column":35}},"64":{"start":{"line":177,"column":6},"end":{"line":177,"column":34}},"65":{"start":{"line":180,"column":4},"end":{"line":186,"column":5}},"66":{"start":{"line":181,"column":18},"end":{"line":181,"column":37}},"67":{"start":{"line":182,"column":18},"end":{"line":182,"column":40}},"68":{"start":{"line":183,"column":6},"end":{"line":185,"column":62}},"69":{"start":{"line":188,"column":4},"end":{"line":190,"column":5}},"70":{"start":{"line":189,"column":6},"end":{"line":189,"column":38}},"71":{"start":{"line":193,"column":4},"end":{"line":193,"column":16}},"72":{"start":{"line":197,"column":4},"end":{"line":201,"column":6}},"73":{"start":{"line":54,"column":0},"end":{"line":54,"column":13}}},"fnMap":{"0":{"name":"(anonymous_1)","decl":{"start":{"line":57,"column":2},"end":{"line":57,"column":7}},"loc":{"start":{"line":57,"column":33},"end":{"line":59,"column":3}}},"1":{"name":"(anonymous_2)","decl":{"start":{"line":61,"column":2},"end":{"line":61,"column":14}},"loc":{"start":{"line":61,"column":14},"end":{"line":89,"column":3}}},"2":{"name":"(anonymous_3)","decl":{"start":{"line":91,"column":2},"end":{"line":91,"column":22}},"loc":{"start":{"line":91,"column":45},"end":{"line":129,"column":3}}},"3":{"name":"(anonymous_4)","decl":{"start":{"line":131,"column":10},"end":{"line":131,"column":28}},"loc":{"start":{"line":131,"column":68},"end":{"line":194,"column":3}}},"4":{"name":"(anonymous_5)","decl":{"start":{"line":155,"column":47},"end":{"line":155,"column":50}},"loc":{"start":{"line":155,"column":53},"end":{"line":155,"column":94}}},"5":{"name":"(anonymous_6)","decl":{"start":{"line":196,"column":2},"end":{"line":196,"column":12}},"loc":{"start":{"line":196,"column":12},"end":{"line":202,"column":3}}}},"branchMap":{"0":{"loc":{"start":{"line":62,"column":4},"end":{"line":64,"column":5}},"type":"if","locations":[{"start":{"line":62,"column":4},"end":{"line":64,"column":5}}]},"1":{"loc":{"start":{"line":62,"column":8},"end":{"line":62,"column":36}},"type":"binary-expr","locations":[{"start":{"line":62,"column":8},"end":{"line":62,"column":17}},{"start":{"line":62,"column":21},"end":{"line":62,"column":36}}]},"2":{"loc":{"start":{"line":69,"column":6},"end":{"line":69,"column":30}},"type":"if","locations":[{"start":{"line":69,"column":6},"end":{"line":69,"column":30}}]},"3":{"loc":{"start":{"line":75,"column":8},"end":{"line":84,"column":9}},"type":"if","locations":[{"start":{"line":75,"column":8},"end":{"line":84,"column":9}}]},"4":{"loc":{"start":{"line":80,"column":25},"end":{"line":80,"column":67}},"type":"binary-expr","locations":[{"start":{"line":80,"column":25},"end":{"line":80,"column":42}},{"start":{"line":80,"column":46},"end":{"line":80,"column":67}}]},"5":{"loc":{"start":{"line":81,"column":24},"end":{"line":81,"column":50}},"type":"binary-expr","locations":[{"start":{"line":81,"column":24},"end":{"line":81,"column":44}},{"start":{"line":81,"column":48},"end":{"line":81,"column":50}}]},"6":{"loc":{"start":{"line":82,"column":23},"end":{"line":82,"column":48}},"type":"binary-expr","locations":[{"start":{"line":82,"column":23},"end":{"line":82,"column":42}},{"start":{"line":82,"column":46},"end":{"line":82,"column":48}}]},"7":{"loc":{"start":{"line":100,"column":6},"end":{"line":104,"column":7}},"type":"if","locations":[{"start":{"line":100,"column":6},"end":{"line":104,"column":7}}]},"8":{"loc":{"start":{"line":107,"column":4},"end":{"line":114,"column":5}},"type":"if","locations":[{"start":{"line":107,"column":4},"end":{"line":114,"column":5}}]},"9":{"loc":{"start":{"line":110,"column":6},"end":{"line":113,"column":7}},"type":"if","locations":[{"start":{"line":110,"column":6},"end":{"line":113,"column":7}}]},"10":{"loc":{"start":{"line":112,"column":21},"end":{"line":112,"column":47}},"type":"binary-expr","locations":[{"start":{"line":112,"column":21},"end":{"line":112,"column":40}},{"start":{"line":112,"column":44},"end":{"line":112,"column":47}}]},"11":{"loc":{"start":{"line":116,"column":4},"end":{"line":118,"column":5}},"type":"if","locations":[{"start":{"line":116,"column":4},"end":{"line":118,"column":5}}]},"12":{"loc":{"start":{"line":116,"column":8},"end":{"line":116,"column":46}},"type":"binary-expr","locations":[{"start":{"line":116,"column":8},"end":{"line":116,"column":21}},{"start":{"line":116,"column":25},"end":{"line":116,"column":46}}]},"13":{"loc":{"start":{"line":121,"column":4},"end":{"line":123,"column":5}},"type":"if","locations":[{"start":{"line":121,"column":4},"end":{"line":123,"column":5}}]},"14":{"loc":{"start":{"line":121,"column":8},"end":{"line":121,"column":43}},"type":"binary-expr","locations":[{"start":{"line":121,"column":8},"end":{"line":121,"column":20}},{"start":{"line":121,"column":24},"end":{"line":121,"column":43}}]},"15":{"loc":{"start":{"line":131,"column":51},"end":{"line":131,"column":68}},"type":"default-arg","locations":[{"start":{"line":131,"column":67},"end":{"line":131,"column":68}}]},"16":{"loc":{"start":{"line":133,"column":4},"end":{"line":135,"column":5}},"type":"if","locations":[{"start":{"line":133,"column":4},"end":{"line":135,"column":5}}]},"17":{"loc":{"start":{"line":137,"column":4},"end":{"line":147,"column":5}},"type":"if","locations":[{"start":{"line":137,"column":4},"end":{"line":147,"column":5}}]},"18":{"loc":{"start":{"line":140,"column":6},"end":{"line":144,"column":7}},"type":"if","locations":[{"start":{"line":140,"column":6},"end":{"line":144,"column":7}}]},"19":{"loc":{"start":{"line":149,"column":4},"end":{"line":156,"column":5}},"type":"if","locations":[{"start":{"line":149,"column":4},"end":{"line":156,"column":5}}]},"20":{"loc":{"start":{"line":152,"column":6},"end":{"line":154,"column":7}},"type":"if","locations":[{"start":{"line":152,"column":6},"end":{"line":154,"column":7}}]},"21":{"loc":{"start":{"line":158,"column":4},"end":{"line":178,"column":5}},"type":"if","locations":[{"start":{"line":158,"column":4},"end":{"line":178,"column":5}}]},"22":{"loc":{"start":{"line":159,"column":6},"end":{"line":161,"column":7}},"type":"if","locations":[{"start":{"line":159,"column":6},"end":{"line":161,"column":7}}]},"23":{"loc":{"start":{"line":162,"column":6},"end":{"line":164,"column":7}},"type":"if","locations":[{"start":{"line":162,"column":6},"end":{"line":164,"column":7}}]},"24":{"loc":{"start":{"line":165,"column":6},"end":{"line":167,"column":7}},"type":"if","locations":[{"start":{"line":165,"column":6},"end":{"line":167,"column":7}}]},"25":{"loc":{"start":{"line":168,"column":6},"end":{"line":170,"column":7}},"type":"if","locations":[{"start":{"line":168,"column":6},"end":{"line":170,"column":7}}]},"26":{"loc":{"start":{"line":171,"column":6},"end":{"line":173,"column":7}},"type":"if","locations":[{"start":{"line":171,"column":6},"end":{"line":173,"column":7}}]},"27":{"loc":{"start":{"line":171,"column":10},"end":{"line":171,"column":60}},"type":"binary-expr","locations":[{"start":{"line":171,"column":10},"end":{"line":171,"column":33}},{"start":{"line":171,"column":37},"end":{"line":171,"column":60}}]},"28":{"loc":{"start":{"line":174,"column":6},"end":{"line":176,"column":7}},"type":"if","locations":[{"start":{"line":174,"column":6},"end":{"line":176,"column":7}}]},"29":{"loc":{"start":{"line":180,"column":4},"end":{"line":186,"column":5}},"type":"if","locations":[{"start":{"line":180,"column":4},"end":{"line":186,"column":5}}]},"30":{"loc":{"start":{"line":180,"column":8},"end":{"line":180,"column":61}},"type":"binary-expr","locations":[{"start":{"line":180,"column":8},"end":{"line":180,"column":32}},{"start":{"line":180,"column":36},"end":{"line":180,"column":61}}]},"31":{"loc":{"start":{"line":181,"column":18},"end":{"line":181,"column":37}},"type":"binary-expr","locations":[{"start":{"line":181,"column":18},"end":{"line":181,"column":32}},{"start":{"line":181,"column":36},"end":{"line":181,"column":37}}]},"32":{"loc":{"start":{"line":182,"column":18},"end":{"line":182,"column":40}},"type":"binary-expr","locations":[{"start":{"line":182,"column":18},"end":{"line":182,"column":32}},{"start":{"line":182,"column":36},"end":{"line":182,"column":40}}]},"33":{"loc":{"start":{"line":183,"column":13},"end":{"line":185,"column":61}},"type":"cond-expr","locations":[{"start":{"line":184,"column":10},"end":{"line":184,"column":40}},{"start":{"line":185,"column":10},"end":{"line":185,"column":61}}]},"34":{"loc":{"start":{"line":188,"column":4},"end":{"line":190,"column":5}},"type":"if","locations":[{"start":{"line":188,"column":4},"end":{"line":190,"column":5}}]},"35":{"loc":{"start":{"line":198,"column":13},"end":{"line":198,"column":51}},"type":"binary-expr","locations":[{"start":{"line":198,"column":13},"end":{"line":198,"column":34}},{"start":{"line":198,"column":38},"end":{"line":198,"column":51}}]},"36":{"loc":{"start":{"line":200,"column":15},"end":{"line":200,"column":49}},"type":"binary-expr","locations":[{"start":{"line":200,"column":15},"end":{"line":200,"column":38}},{"start":{"line":200,"column":42},"end":{"line":200,"column":49}}]}},"s":{"0":1,"1":1,"2":12,"3":2,"4":1,"5":1,"6":1,"7":2,"8":0,"9":2,"10":2,"11":14,"12":14,"13":3,"14":1,"15":9,"16":9,"17":9,"18":9,"19":10,"20":9,"21":9,"22":9,"23":9,"24":0,"25":0,"26":0,"27":0,"28":9,"29":1,"30":8,"31":8,"32":0,"33":8,"34":8,"35":8,"36":38,"37":1,"38":37,"39":16,"40":16,"41":16,"42":26,"43":16,"44":21,"45":1,"46":1,"47":1,"48":0,"49":1,"50":4,"51":20,"52":17,"53":1,"54":16,"55":1,"56":15,"57":1,"58":14,"59":1,"60":13,"61":1,"62":12,"63":1,"64":11,"65":3,"66":2,"67":2,"68":2,"69":1,"70":1,"71":0,"72":2,"73":1},"f":{"0":12,"1":2,"2":9,"3":38,"4":4,"5":2},"b":{"0":[1],"1":[2,1],"2":[0],"3":[3],"4":[3,1],"5":[3,0],"6":[3,0],"7":[9],"8":[0],"9":[0],"10":[0,0],"11":[1],"12":[9,9],"13":[0],"14":[8,8],"15":[8],"16":[1],"17":[16],"18":[16],"19":[1],"20":[0],"21":[17],"22":[1],"23":[1],"24":[1],"25":[1],"26":[1],"27":[13,13],"28":[1],"29":[2],"30":[3,2],"31":[2,0],"32":[2,0],"33":[1,1],"34":[1],"35":[2,1],"36":[2,1]}}
,"/home/runner/work/Api-Specs/Api-Specs/mock-server/src/generators/raml-generator.ts": {"path":"/home/runner/work/Api-Specs/Api-Specs/mock-server/src/generators/raml-generator.ts","statementMap":{"0":{"start":{"line":1,"column":0},"end":{"line":1,"column":25}},"1":{"start":{"line":2,"column":0},"end":{"line":2,"column":40}},"2":{"start":{"line":12,"column":10},"end":{"line":12,"column":41}},"3":{"start":{"line":15,"column":4},"end":{"line":15,"column":55}},"4":{"start":{"line":16,"column":4},"end":{"line":16,"column":21}},"5":{"start":{"line":20,"column":4},"end":{"line":20,"column":31}},"6":{"start":{"line":20,"column":24},"end":{"line":20,"column":31}},"7":{"start":{"line":22,"column":18},"end":{"line":22,"column":43}},"8":{"start":{"line":23,"column":22},"end":{"line":23,"column":24}},"9":{"start":{"line":25,"column":4},"end":{"line":57,"column":5}},"10":{"start":{"line":25,"column":17},"end":{"line":25,"column":18}},"11":{"start":{"line":26,"column":19},"end":{"line":26,"column":27}},"12":{"start":{"line":29,"column":24},"end":{"line":29,"column":55}},"13":{"start":{"line":30,"column":6},"end":{"line":33,"column":7}},"14":{"start":{"line":31,"column":8},"end":{"line":31,"column":35}},"15":{"start":{"line":32,"column":8},"end":{"line":32,"column":17}},"16":{"start":{"line":36,"column":26},"end":{"line":36,"column":85}},"17":{"start":{"line":37,"column":6},"end":{"line":56,"column":7}},"18":{"start":{"line":38,"column":23},"end":{"line":38,"column":51}},"19":{"start":{"line":39,"column":26},"end":{"line":39,"column":28}},"20":{"start":{"line":42,"column":8},"end":{"line":49,"column":9}},"21":{"start":{"line":42,"column":21},"end":{"line":42,"column":26}},"22":{"start":{"line":43,"column":27},"end":{"line":43,"column":35}},"23":{"start":{"line":44,"column":28},"end":{"line":44,"column":70}},"24":{"start":{"line":45,"column":10},"end":{"line":48,"column":11}},"25":{"start":{"line":46,"column":12},"end":{"line":46,"column":39}},"26":{"start":{"line":47,"column":12},"end":{"line":47,"column":18}},"27":{"start":{"line":51,"column":8},"end":{"line":55,"column":11}},"28":{"start":{"line":61,"column":4},"end":{"line":61,"column":26}},"29":{"start":{"line":65,"column":4},"end":{"line":73,"column":6}},"30":{"start":{"line":77,"column":4},"end":{"line":79,"column":5}},"31":{"start":{"line":78,"column":6},"end":{"line":78,"column":35}},"32":{"start":{"line":81,"column":16},"end":{"line":81,"column":26}},"33":{"start":{"line":85,"column":18},"end":{"line":85,"column":43}},"34":{"start":{"line":86,"column":4},"end":{"line":101,"column":5}},"35":{"start":{"line":87,"column":25},"end":{"line":87,"column":54}},"36":{"start":{"line":88,"column":6},"end":{"line":90,"column":7}},"37":{"start":{"line":89,"column":8},"end":{"line":89,"column":30}},"38":{"start":{"line":92,"column":24},"end":{"line":92,"column":59}},"39":{"start":{"line":93,"column":6},"end":{"line":95,"column":7}},"40":{"start":{"line":94,"column":8},"end":{"line":94,"column":35}},"41":{"start":{"line":97,"column":27},"end":{"line":97,"column":58}},"42":{"start":{"line":98,"column":6},"end":{"line":100,"column":7}},"43":{"start":{"line":99,"column":8},"end":{"line":99,"column":34}},"44":{"start":{"line":103,"column":4},"end":{"line":103,"column":43}},"45":{"start":{"line":10,"column":0},"end":{"line":10,"column":13}}},"fnMap":{"0":{"name":"(anonymous_9)","decl":{"start":{"line":10,"column":0},"end":{"line":10,"column":13}},"loc":{"start":{"line":10,"column":0},"end":{"line":105,"column":1}}},"1":{"name":"(anonymous_10)","decl":{"start":{"line":14,"column":2},"end":{"line":14,"column":10}},"loc":{"start":{"line":14,"column":27},"end":{"line":17,"column":3}}},"2":{"name":"(anonymous_11)","decl":{"start":{"line":19,"column":10},"end":{"line":19,"column":19}},"loc":{"start":{"line":19,"column":19},"end":{"line":58,"column":3}}},"3":{"name":"(anonymous_12)","decl":{"start":{"line":60,"column":2},"end":{"line":60,"column":14}},"loc":{"start":{"line":60,"column":14},"end":{"line":62,"column":3}}},"4":{"name":"(anonymous_13)","decl":{"start":{"line":64,"column":2},"end":{"line":64,"column":22}},"loc":{"start":{"line":64,"column":22},"end":{"line":74,"column":3}}},"5":{"name":"(anonymous_14)","decl":{"start":{"line":76,"column":2},"end":{"line":76,"column":12}},"loc":{"start":{"line":76,"column":12},"end":{"line":104,"column":3}}}},"branchMap":{"0":{"loc":{"start":{"line":20,"column":4},"end":{"line":20,"column":31}},"type":"if","locations":[{"start":{"line":20,"column":4},"end":{"line":20,"column":31}}]},"1":{"loc":{"start":{"line":30,"column":6},"end":{"line":33,"column":7}},"type":"if","locations":[{"start":{"line":30,"column":6},"end":{"line":33,"column":7}}]},"2":{"loc":{"start":{"line":37,"column":6},"end":{"line":56,"column":7}},"type":"if","locations":[{"start":{"line":37,"column":6},"end":{"line":56,"column":7}}]},"3":{"loc":{"start":{"line":37,"column":10},"end":{"line":37,"column":36}},"type":"binary-expr","locations":[{"start":{"line":37,"column":10},"end":{"line":37,"column":21}},{"start":{"line":37,"column":25},"end":{"line":37,"column":36}}]},"4":{"loc":{"start":{"line":45,"column":10},"end":{"line":48,"column":11}},"type":"if","locations":[{"start":{"line":45,"column":10},"end":{"line":48,"column":11}}]},"5":{"loc":{"start":{"line":77,"column":4},"end":{"line":79,"column":5}},"type":"if","locations":[{"start":{"line":77,"column":4},"end":{"line":79,"column":5}}]},"6":{"loc":{"start":{"line":88,"column":6},"end":{"line":90,"column":7}},"type":"if","locations":[{"start":{"line":88,"column":6},"end":{"line":90,"column":7}}]},"7":{"loc":{"start":{"line":93,"column":6},"end":{"line":95,"column":7}},"type":"if","locations":[{"start":{"line":93,"column":6},"end":{"line":95,"column":7}}]},"8":{"loc":{"start":{"line":98,"column":6},"end":{"line":100,"column":7}},"type":"if","locations":[{"start":{"line":98,"column":6},"end":{"line":100,"column":7}}]}},"s":{"0":1,"1":1,"2":12,"3":9,"4":9,"5":9,"6":0,"7":9,"8":9,"9":9,"10":9,"11":74,"12":74,"13":74,"14":10,"15":10,"16":64,"17":64,"18":19,"19":19,"20":19,"21":19,"22":42,"23":42,"24":42,"25":8,"26":8,"27":19,"28":5,"29":3,"30":4,"31":1,"32":3,"33":3,"34":3,"35":20,"36":20,"37":3,"38":20,"39":20,"40":1,"41":20,"42":20,"43":1,"44":3,"45":1},"f":{"0":12,"1":9,"2":9,"3":5,"4":3,"5":4},"b":{"0":[0],"1":[10],"2":[19],"3":[64,19],"4":[8],"5":[1],"6":[3],"7":[1],"8":[1]}}
,"/home/runner/work/Api-Specs/Api-Specs/mock-server/src/generators/soap-generator.ts": {"path":"/home/runner/work/Api-Specs/Api-Specs/mock-server/src/generators/soap-generator.ts","statementMap":{"0":{"start":{"line":1,"column":0},"end":{"line":1,"column":25}},"1":{"start":{"line":2,"column":0},"end":{"line":2,"column":56}},"2":{"start":{"line":3,"column":0},"end":{"line":3,"column":40}},"3":{"start":{"line":17,"column":10},"end":{"line":17,"column":43}},"4":{"start":{"line":18,"column":10},"end":{"line":18,"column":39}},"5":{"start":{"line":19,"column":10},"end":{"line":19,"column":39}},"6":{"start":{"line":20,"column":10},"end":{"line":20,"column":102}},"7":{"start":{"line":23,"column":4},"end":{"line":23,"column":58}},"8":{"start":{"line":24,"column":19},"end":{"line":24,"column":83}},"9":{"start":{"line":25,"column":4},"end":{"line":25,"column":65}},"10":{"start":{"line":26,"column":4},"end":{"line":26,"column":21}},"11":{"start":{"line":30,"column":4},"end":{"line":30,"column":36}},"12":{"start":{"line":30,"column":24},"end":{"line":30,"column":36}},"13":{"start":{"line":31,"column":4},"end":{"line":31,"column":64}},"14":{"start":{"line":35,"column":17},"end":{"line":35,"column":38}},"15":{"start":{"line":36,"column":4},"end":{"line":36,"column":22}},"16":{"start":{"line":36,"column":15},"end":{"line":36,"column":22}},"17":{"start":{"line":38,"column":4},"end":{"line":38,"column":71}},"18":{"start":{"line":41,"column":20},"end":{"line":41,"column":61}},"19":{"start":{"line":42,"column":4},"end":{"line":48,"column":5}},"20":{"start":{"line":43,"column":19},"end":{"line":43,"column":60}},"21":{"start":{"line":44,"column":6},"end":{"line":47,"column":7}},"22":{"start":{"line":45,"column":24},"end":{"line":45,"column":65}},"23":{"start":{"line":46,"column":8},"end":{"line":46,"column":73}},"24":{"start":{"line":51,"column":4},"end":{"line":51,"column":32}},"25":{"start":{"line":54,"column":30},"end":{"line":54,"column":63}},"26":{"start":{"line":55,"column":26},"end":{"line":55,"column":55}},"27":{"start":{"line":58,"column":21},"end":{"line":58,"column":63}},"28":{"start":{"line":59,"column":4},"end":{"line":59,"column":52}},"29":{"start":{"line":59,"column":45},"end":{"line":59,"column":52}},"30":{"start":{"line":61,"column":16},"end":{"line":63,"column":45}},"31":{"start":{"line":65,"column":4},"end":{"line":78,"column":5}},"32":{"start":{"line":66,"column":20},"end":{"line":66,"column":56}},"33":{"start":{"line":67,"column":20},"end":{"line":67,"column":57}},"34":{"start":{"line":68,"column":31},"end":{"line":68,"column":68}},"35":{"start":{"line":69,"column":31},"end":{"line":69,"column":69}},"36":{"start":{"line":70,"column":27},"end":{"line":70,"column":72}},"37":{"start":{"line":72,"column":6},"end":{"line":77,"column":9}},"38":{"start":{"line":82,"column":16},"end":{"line":82,"column":41}},"39":{"start":{"line":83,"column":21},"end":{"line":83,"column":36}},"40":{"start":{"line":84,"column":4},"end":{"line":84,"column":30}},"41":{"start":{"line":84,"column":19},"end":{"line":84,"column":30}},"42":{"start":{"line":86,"column":21},"end":{"line":88,"column":32}},"43":{"start":{"line":90,"column":4},"end":{"line":98,"column":5}},"44":{"start":{"line":91,"column":20},"end":{"line":91,"column":50}},"45":{"start":{"line":92,"column":19},"end":{"line":92,"column":56}},"46":{"start":{"line":93,"column":6},"end":{"line":97,"column":7}},"47":{"start":{"line":94,"column":25},"end":{"line":94,"column":59}},"48":{"start":{"line":95,"column":28},"end":{"line":95,"column":58}},"49":{"start":{"line":96,"column":8},"end":{"line":96,"column":60}},"50":{"start":{"line":96,"column":33},"end":{"line":96,"column":60}},"51":{"start":{"line":99,"column":4},"end":{"line":99,"column":15}},"52":{"start":{"line":103,"column":16},"end":{"line":103,"column":41}},"53":{"start":{"line":104,"column":20},"end":{"line":104,"column":35}},"54":{"start":{"line":105,"column":4},"end":{"line":105,"column":29}},"55":{"start":{"line":105,"column":18},"end":{"line":105,"column":29}},"56":{"start":{"line":107,"column":24},"end":{"line":107,"column":87}},"57":{"start":{"line":108,"column":23},"end":{"line":108,"column":46}},"58":{"start":{"line":109,"column":4},"end":{"line":109,"column":32}},"59":{"start":{"line":109,"column":21},"end":{"line":109,"column":32}},"60":{"start":{"line":111,"column":21},"end":{"line":113,"column":34}},"61":{"start":{"line":115,"column":4},"end":{"line":121,"column":5}},"62":{"start":{"line":116,"column":20},"end":{"line":116,"column":49}},"63":{"start":{"line":118,"column":21},"end":{"line":118,"column":62}},"64":{"start":{"line":119,"column":26},"end":{"line":119,"column":67}},"65":{"start":{"line":120,"column":6},"end":{"line":120,"column":42}},"66":{"start":{"line":120,"column":16},"end":{"line":120,"column":42}},"67":{"start":{"line":122,"column":4},"end":{"line":122,"column":15}},"68":{"start":{"line":126,"column":18},"end":{"line":126,"column":57}},"69":{"start":{"line":127,"column":4},"end":{"line":127,"column":23}},"70":{"start":{"line":127,"column":16},"end":{"line":127,"column":23}},"71":{"start":{"line":129,"column":19},"end":{"line":129,"column":60}},"72":{"start":{"line":130,"column":4},"end":{"line":130,"column":24}},"73":{"start":{"line":130,"column":17},"end":{"line":130,"column":24}},"74":{"start":{"line":132,"column":21},"end":{"line":132,"column":38}},"75":{"start":{"line":133,"column":4},"end":{"line":133,"column":26}},"76":{"start":{"line":133,"column":19},"end":{"line":133,"column":26}},"77":{"start":{"line":135,"column":22},"end":{"line":137,"column":32}},"78":{"start":{"line":139,"column":4},"end":{"line":143,"column":5}},"79":{"start":{"line":140,"column":20},"end":{"line":140,"column":51}},"80":{"start":{"line":141,"column":6},"end":{"line":141,"column":26}},"81":{"start":{"line":141,"column":17},"end":{"line":141,"column":26}},"82":{"start":{"line":142,"column":6},"end":{"line":142,"column":68}},"83":{"start":{"line":147,"column":72},"end":{"line":147,"column":74}},"84":{"start":{"line":148,"column":24},"end":{"line":148,"column":72}},"85":{"start":{"line":149,"column":4},"end":{"line":149,"column":36}},"86":{"start":{"line":149,"column":22},"end":{"line":149,"column":36}},"87":{"start":{"line":151,"column":21},"end":{"line":151,"column":70}},"88":{"start":{"line":152,"column":4},"end":{"line":152,"column":33}},"89":{"start":{"line":152,"column":19},"end":{"line":152,"column":33}},"90":{"start":{"line":154,"column":21},"end":{"line":154,"column":40}},"91":{"start":{"line":155,"column":4},"end":{"line":155,"column":33}},"92":{"start":{"line":155,"column":19},"end":{"line":155,"column":33}},"93":{"start":{"line":157,"column":22},"end":{"line":159,"column":32}},"94":{"start":{"line":161,"column":4},"end":{"line":167,"column":5}},"95":{"start":{"line":162,"column":20},"end":{"line":162,"column":51}},"96":{"start":{"line":163,"column":20},"end":{"line":163,"column":61}},"97":{"start":{"line":164,"column":24},"end":{"line":164,"column":43}},"98":{"start":{"line":165,"column":23},"end":{"line":165,"column":59}},"99":{"start":{"line":166,"column":6},"end":{"line":166,"column":54}},"100":{"start":{"line":166,"column":16},"end":{"line":166,"column":54}},"101":{"start":{"line":168,"column":4},"end":{"line":168,"column":18}},"102":{"start":{"line":172,"column":22},"end":{"line":172,"column":73}},"103":{"start":{"line":173,"column":4},"end":{"line":182,"column":5}},"104":{"start":{"line":174,"column":21},"end":{"line":174,"column":37}},"105":{"start":{"line":175,"column":61},"end":{"line":175,"column":72}},"106":{"start":{"line":176,"column":51},"end":{"line":176,"column":64}},"107":{"start":{"line":177,"column":22},"end":{"line":177,"column":36}},"108":{"start":{"line":178,"column":19},"end":{"line":178,"column":39}},"109":{"start":{"line":179,"column":23},"end":{"line":179,"column":53}},"110":{"start":{"line":180,"column":19},"end":{"line":180,"column":37}},"111":{"start":{"line":181,"column":15},"end":{"line":181,"column":25}},"112":{"start":{"line":186,"column":4},"end":{"line":186,"column":27}},"113":{"start":{"line":190,"column":4},"end":{"line":190,"column":32}},"114":{"start":{"line":194,"column":4},"end":{"line":194,"column":32}},"115":{"start":{"line":198,"column":22},"end":{"line":198,"column":75}},"116":{"start":{"line":198,"column":49},"end":{"line":198,"column":74}},"117":{"start":{"line":199,"column":15},"end":{"line":199,"column":67}},"118":{"start":{"line":200,"column":25},"end":{"line":200,"column":79}},"119":{"start":{"line":201,"column":19},"end":{"line":201,"column":61}},"120":{"start":{"line":203,"column":23},"end":{"line":205,"column":17}},"121":{"start":{"line":204,"column":16},"end":{"line":204,"column":85}},"122":{"start":{"line":207,"column":4},"end":{"line":215,"column":18}},"123":{"start":{"line":219,"column":20},"end":{"line":222,"column":6}},"124":{"start":{"line":224,"column":25},"end":{"line":239,"column":6}},"125":{"start":{"line":241,"column":4},"end":{"line":241,"column":39}},"126":{"start":{"line":245,"column":16},"end":{"line":245,"column":26}},"127":{"start":{"line":248,"column":17},"end":{"line":248,"column":38}},"128":{"start":{"line":249,"column":4},"end":{"line":251,"column":5}},"129":{"start":{"line":250,"column":6},"end":{"line":250,"column":52}},"130":{"start":{"line":252,"column":4},"end":{"line":255,"column":5}},"131":{"start":{"line":253,"column":18},"end":{"line":253,"column":47}},"132":{"start":{"line":254,"column":6},"end":{"line":254,"column":57}},"133":{"start":{"line":254,"column":25},"end":{"line":254,"column":57}},"134":{"start":{"line":257,"column":4},"end":{"line":257,"column":34}},"135":{"start":{"line":261,"column":4},"end":{"line":261,"column":50}},"136":{"start":{"line":261,"column":26},"end":{"line":261,"column":50}},"137":{"start":{"line":263,"column":20},"end":{"line":263,"column":77}},"138":{"start":{"line":264,"column":4},"end":{"line":264,"column":40}},"139":{"start":{"line":14,"column":0},"end":{"line":14,"column":13}}},"fnMap":{"0":{"name":"(anonymous_9)","decl":{"start":{"line":14,"column":0},"end":{"line":14,"column":13}},"loc":{"start":{"line":14,"column":0},"end":{"line":266,"column":1}}},"1":{"name":"(anonymous_10)","decl":{"start":{"line":22,"column":2},"end":{"line":22,"column":10}},"loc":{"start":{"line":22,"column":27},"end":{"line":27,"column":3}}},"2":{"name":"(anonymous_11)","decl":{"start":{"line":29,"column":10},"end":{"line":29,"column":24}},"loc":{"start":{"line":29,"column":24},"end":{"line":32,"column":3}}},"3":{"name":"(anonymous_12)","decl":{"start":{"line":34,"column":10},"end":{"line":34,"column":19}},"loc":{"start":{"line":34,"column":19},"end":{"line":79,"column":3}}},"4":{"name":"(anonymous_13)","decl":{"start":{"line":81,"column":10},"end":{"line":81,"column":32}},"loc":{"start":{"line":81,"column":49},"end":{"line":100,"column":3}}},"5":{"name":"(anonymous_14)","decl":{"start":{"line":102,"column":10},"end":{"line":102,"column":28}},"loc":{"start":{"line":102,"column":45},"end":{"line":123,"column":3}}},"6":{"name":"(anonymous_15)","decl":{"start":{"line":125,"column":10},"end":{"line":125,"column":26}},"loc":{"start":{"line":125,"column":43},"end":{"line":144,"column":3}}},"7":{"name":"(anonymous_16)","decl":{"start":{"line":146,"column":10},"end":{"line":146,"column":30}},"loc":{"start":{"line":146,"column":50},"end":{"line":169,"column":3}}},"8":{"name":"(anonymous_17)","decl":{"start":{"line":171,"column":10},"end":{"line":171,"column":24}},"loc":{"start":{"line":171,"column":40},"end":{"line":183,"column":3}}},"9":{"name":"(anonymous_18)","decl":{"start":{"line":185,"column":2},"end":{"line":185,"column":15}},"loc":{"start":{"line":185,"column":15},"end":{"line":187,"column":3}}},"10":{"name":"(anonymous_19)","decl":{"start":{"line":189,"column":2},"end":{"line":189,"column":20}},"loc":{"start":{"line":189,"column":20},"end":{"line":191,"column":3}}},"11":{"name":"(anonymous_20)","decl":{"start":{"line":193,"column":2},"end":{"line":193,"column":20}},"loc":{"start":{"line":193,"column":20},"end":{"line":195,"column":3}}},"12":{"name":"(anonymous_21)","decl":{"start":{"line":197,"column":2},"end":{"line":197,"column":20}},"loc":{"start":{"line":197,"column":42},"end":{"line":216,"column":3}}},"13":{"name":"(anonymous_22)","decl":{"start":{"line":198,"column":43},"end":{"line":198,"column":45}},"loc":{"start":{"line":198,"column":49},"end":{"line":198,"column":74}}},"14":{"name":"(anonymous_23)","decl":{"start":{"line":204,"column":11},"end":{"line":204,"column":12}},"loc":{"start":{"line":204,"column":16},"end":{"line":204,"column":85}}},"15":{"name":"(anonymous_24)","decl":{"start":{"line":218,"column":2},"end":{"line":218,"column":22}},"loc":{"start":{"line":218,"column":44},"end":{"line":242,"column":3}}},"16":{"name":"(anonymous_25)","decl":{"start":{"line":244,"column":2},"end":{"line":244,"column":12}},"loc":{"start":{"line":244,"column":12},"end":{"line":258,"column":3}}},"17":{"name":"(anonymous_26)","decl":{"start":{"line":260,"column":2},"end":{"line":260,"column":16}},"loc":{"start":{"line":260,"column":16},"end":{"line":265,"column":3}}}},"branchMap":{"0":{"loc":{"start":{"line":30,"column":4},"end":{"line":30,"column":36}},"type":"if","locations":[{"start":{"line":30,"column":4},"end":{"line":30,"column":36}}]},"1":{"loc":{"start":{"line":31,"column":12},"end":{"line":31,"column":63}},"type":"binary-expr","locations":[{"start":{"line":31,"column":12},"end":{"line":31,"column":55}},{"start":{"line":31,"column":59},"end":{"line":31,"column":63}}]},"2":{"loc":{"start":{"line":36,"column":4},"end":{"line":36,"column":22}},"type":"if","locations":[{"start":{"line":36,"column":4},"end":{"line":36,"column":22}}]},"3":{"loc":{"start":{"line":38,"column":28},"end":{"line":38,"column":70}},"type":"binary-expr","locations":[{"start":{"line":38,"column":28},"end":{"line":38,"column":64}},{"start":{"line":38,"column":68},"end":{"line":38,"column":70}}]},"4":{"loc":{"start":{"line":42,"column":4},"end":{"line":48,"column":5}},"type":"if","locations":[{"start":{"line":42,"column":4},"end":{"line":48,"column":5}}]},"5":{"loc":{"start":{"line":44,"column":6},"end":{"line":47,"column":7}},"type":"if","locations":[{"start":{"line":44,"column":6},"end":{"line":47,"column":7}}]},"6":{"loc":{"start":{"line":46,"column":32},"end":{"line":46,"column":72}},"type":"binary-expr","locations":[{"start":{"line":46,"column":32},"end":{"line":46,"column":66}},{"start":{"line":46,"column":70},"end":{"line":46,"column":72}}]},"7":{"loc":{"start":{"line":59,"column":4},"end":{"line":59,"column":52}},"type":"if","locations":[{"start":{"line":59,"column":4},"end":{"line":59,"column":52}}]},"8":{"loc":{"start":{"line":59,"column":8},"end":{"line":59,"column":43}},"type":"binary-expr","locations":[{"start":{"line":59,"column":8},"end":{"line":59,"column":17}},{"start":{"line":59,"column":21},"end":{"line":59,"column":43}}]},"9":{"loc":{"start":{"line":61,"column":16},"end":{"line":63,"column":45}},"type":"cond-expr","locations":[{"start":{"line":62,"column":9},"end":{"line":62,"column":47}},{"start":{"line":63,"column":8},"end":{"line":63,"column":45}}]},"10":{"loc":{"start":{"line":66,"column":20},"end":{"line":66,"column":56}},"type":"binary-expr","locations":[{"start":{"line":66,"column":20},"end":{"line":66,"column":43}},{"start":{"line":66,"column":47},"end":{"line":66,"column":56}}]},"11":{"loc":{"start":{"line":68,"column":31},"end":{"line":68,"column":68}},"type":"binary-expr","locations":[{"start":{"line":68,"column":31},"end":{"line":68,"column":62}},{"start":{"line":68,"column":66},"end":{"line":68,"column":68}}]},"12":{"loc":{"start":{"line":69,"column":31},"end":{"line":69,"column":69}},"type":"binary-expr","locations":[{"start":{"line":69,"column":31},"end":{"line":69,"column":63}},{"start":{"line":69,"column":67},"end":{"line":69,"column":69}}]},"13":{"loc":{"start":{"line":70,"column":27},"end":{"line":70,"column":72}},"type":"binary-expr","locations":[{"start":{"line":70,"column":27},"end":{"line":70,"column":66}},{"start":{"line":70,"column":70},"end":{"line":70,"column":72}}]},"14":{"loc":{"start":{"line":74,"column":22},"end":{"line":74,"column":58}},"type":"binary-expr","locations":[{"start":{"line":74,"column":22},"end":{"line":74,"column":52}},{"start":{"line":74,"column":56},"end":{"line":74,"column":58}}]},"15":{"loc":{"start":{"line":75,"column":20},"end":{"line":75,"column":49}},"type":"binary-expr","locations":[{"start":{"line":75,"column":20},"end":{"line":75,"column":43}},{"start":{"line":75,"column":47},"end":{"line":75,"column":49}}]},"16":{"loc":{"start":{"line":84,"column":4},"end":{"line":84,"column":30}},"type":"if","locations":[{"start":{"line":84,"column":4},"end":{"line":84,"column":30}}]},"17":{"loc":{"start":{"line":86,"column":21},"end":{"line":88,"column":32}},"type":"cond-expr","locations":[{"start":{"line":87,"column":9},"end":{"line":87,"column":34}},{"start":{"line":88,"column":8},"end":{"line":88,"column":32}}]},"18":{"loc":{"start":{"line":91,"column":20},"end":{"line":91,"column":50}},"type":"binary-expr","locations":[{"start":{"line":91,"column":20},"end":{"line":91,"column":44}},{"start":{"line":91,"column":48},"end":{"line":91,"column":50}}]},"19":{"loc":{"start":{"line":93,"column":6},"end":{"line":97,"column":7}},"type":"if","locations":[{"start":{"line":93,"column":6},"end":{"line":97,"column":7}}]},"20":{"loc":{"start":{"line":94,"column":25},"end":{"line":94,"column":59}},"type":"binary-expr","locations":[{"start":{"line":94,"column":25},"end":{"line":94,"column":53}},{"start":{"line":94,"column":57},"end":{"line":94,"column":59}}]},"21":{"loc":{"start":{"line":95,"column":28},"end":{"line":95,"column":58}},"type":"binary-expr","locations":[{"start":{"line":95,"column":28},"end":{"line":95,"column":52}},{"start":{"line":95,"column":56},"end":{"line":95,"column":58}}]},"22":{"loc":{"start":{"line":96,"column":8},"end":{"line":96,"column":60}},"type":"if","locations":[{"start":{"line":96,"column":8},"end":{"line":96,"column":60}}]},"23":{"loc":{"start":{"line":96,"column":12},"end":{"line":96,"column":31}},"type":"binary-expr","locations":[{"start":{"line":96,"column":12},"end":{"line":96,"column":16}},{"start":{"line":96,"column":20},"end":{"line":96,"column":31}}]},"24":{"loc":{"start":{"line":105,"column":4},"end":{"line":105,"column":29}},"type":"if","locations":[{"start":{"line":105,"column":4},"end":{"line":105,"column":29}}]},"25":{"loc":{"start":{"line":107,"column":24},"end":{"line":107,"column":87}},"type":"cond-expr","locations":[{"start":{"line":107,"column":50},"end":{"line":107,"column":77}},{"start":{"line":107,"column":80},"end":{"line":107,"column":87}}]},"26":{"loc":{"start":{"line":109,"column":4},"end":{"line":109,"column":32}},"type":"if","locations":[{"start":{"line":109,"column":4},"end":{"line":109,"column":32}}]},"27":{"loc":{"start":{"line":111,"column":21},"end":{"line":113,"column":34}},"type":"cond-expr","locations":[{"start":{"line":112,"column":9},"end":{"line":112,"column":36}},{"start":{"line":113,"column":8},"end":{"line":113,"column":34}}]},"28":{"loc":{"start":{"line":116,"column":20},"end":{"line":116,"column":49}},"type":"binary-expr","locations":[{"start":{"line":116,"column":20},"end":{"line":116,"column":43}},{"start":{"line":116,"column":47},"end":{"line":116,"column":49}}]},"29":{"loc":{"start":{"line":119,"column":26},"end":{"line":119,"column":67}},"type":"binary-expr","locations":[{"start":{"line":119,"column":26},"end":{"line":119,"column":61}},{"start":{"line":119,"column":65},"end":{"line":119,"column":67}}]},"30":{"loc":{"start":{"line":120,"column":6},"end":{"line":120,"column":42}},"type":"if","locations":[{"start":{"line":120,"column":6},"end":{"line":120,"column":42}}]},"31":{"loc":{"start":{"line":127,"column":4},"end":{"line":127,"column":23}},"type":"if","locations":[{"start":{"line":127,"column":4},"end":{"line":127,"column":23}}]},"32":{"loc":{"start":{"line":130,"column":4},"end":{"line":130,"column":24}},"type":"if","locations":[{"start":{"line":130,"column":4},"end":{"line":130,"column":24}}]},"33":{"loc":{"start":{"line":133,"column":4},"end":{"line":133,"column":26}},"type":"if","locations":[{"start":{"line":133,"column":4},"end":{"line":133,"column":26}}]},"34":{"loc":{"start":{"line":135,"column":22},"end":{"line":137,"column":32}},"type":"cond-expr","locations":[{"start":{"line":136,"column":9},"end":{"line":136,"column":34}},{"start":{"line":137,"column":8},"end":{"line":137,"column":32}}]},"35":{"loc":{"start":{"line":140,"column":20},"end":{"line":140,"column":51}},"type":"binary-expr","locations":[{"start":{"line":140,"column":20},"end":{"line":140,"column":45}},{"start":{"line":140,"column":49},"end":{"line":140,"column":51}}]},"36":{"loc":{"start":{"line":141,"column":6},"end":{"line":141,"column":26}},"type":"if","locations":[{"start":{"line":141,"column":6},"end":{"line":141,"column":26}}]},"37":{"loc":{"start":{"line":149,"column":4},"end":{"line":149,"column":36}},"type":"if","locations":[{"start":{"line":149,"column":4},"end":{"line":149,"column":36}}]},"38":{"loc":{"start":{"line":152,"column":4},"end":{"line":152,"column":33}},"type":"if","locations":[{"start":{"line":152,"column":4},"end":{"line":152,"column":33}}]},"39":{"loc":{"start":{"line":155,"column":4},"end":{"line":155,"column":33}},"type":"if","locations":[{"start":{"line":155,"column":4},"end":{"line":155,"column":33}}]},"40":{"loc":{"start":{"line":157,"column":22},"end":{"line":159,"column":32}},"type":"cond-expr","locations":[{"start":{"line":158,"column":9},"end":{"line":158,"column":34}},{"start":{"line":159,"column":8},"end":{"line":159,"column":32}}]},"41":{"loc":{"start":{"line":162,"column":20},"end":{"line":162,"column":51}},"type":"binary-expr","locations":[{"start":{"line":162,"column":20},"end":{"line":162,"column":45}},{"start":{"line":162,"column":49},"end":{"line":162,"column":51}}]},"42":{"loc":{"start":{"line":163,"column":20},"end":{"line":163,"column":61}},"type":"binary-expr","locations":[{"start":{"line":163,"column":20},"end":{"line":163,"column":45}},{"start":{"line":163,"column":49},"end":{"line":163,"column":61}}]},"43":{"loc":{"start":{"line":165,"column":23},"end":{"line":165,"column":59}},"type":"binary-expr","locations":[{"start":{"line":165,"column":23},"end":{"line":165,"column":40}},{"start":{"line":165,"column":44},"end":{"line":165,"column":59}}]},"44":{"loc":{"start":{"line":166,"column":6},"end":{"line":166,"column":54}},"type":"if","locations":[{"start":{"line":166,"column":6},"end":{"line":166,"column":54}}]},"45":{"loc":{"start":{"line":172,"column":23},"end":{"line":172,"column":58}},"type":"binary-expr","locations":[{"start":{"line":172,"column":23},"end":{"line":172,"column":47}},{"start":{"line":172,"column":51},"end":{"line":172,"column":58}}]},"46":{"loc":{"start":{"line":173,"column":4},"end":{"line":182,"column":5}},"type":"switch","locations":[{"start":{"line":174,"column":6},"end":{"line":174,"column":37}},{"start":{"line":175,"column":6},"end":{"line":175,"column":17}},{"start":{"line":175,"column":18},"end":{"line":175,"column":33}},{"start":{"line":175,"column":34},"end":{"line":175,"column":46}},{"start":{"line":175,"column":47},"end":{"line":175,"column":72}},{"start":{"line":176,"column":6},"end":{"line":176,"column":21}},{"start":{"line":176,"column":22},"end":{"line":176,"column":35}},{"start":{"line":176,"column":36},"end":{"line":176,"column":64}},{"start":{"line":177,"column":6},"end":{"line":177,"column":36}},{"start":{"line":178,"column":6},"end":{"line":178,"column":39}},{"start":{"line":179,"column":6},"end":{"line":179,"column":53}},{"start":{"line":180,"column":6},"end":{"line":180,"column":37}},{"start":{"line":181,"column":6},"end":{"line":181,"column":25}}]},"47":{"loc":{"start":{"line":199,"column":15},"end":{"line":199,"column":67}},"type":"binary-expr","locations":[{"start":{"line":199,"column":15},"end":{"line":199,"column":35}},{"start":{"line":199,"column":39},"end":{"line":199,"column":67}}]},"48":{"loc":{"start":{"line":200,"column":25},"end":{"line":200,"column":79}},"type":"binary-expr","locations":[{"start":{"line":200,"column":26},"end":{"line":200,"column":49}},{"start":{"line":200,"column":54},"end":{"line":200,"column":79}}]},"49":{"loc":{"start":{"line":201,"column":19},"end":{"line":201,"column":61}},"type":"binary-expr","locations":[{"start":{"line":201,"column":19},"end":{"line":201,"column":55}},{"start":{"line":201,"column":59},"end":{"line":201,"column":61}}]},"50":{"loc":{"start":{"line":213,"column":27},"end":{"line":213,"column":73}},"type":"cond-expr","locations":[{"start":{"line":213,"column":40},"end":{"line":213,"column":68}},{"start":{"line":213,"column":71},"end":{"line":213,"column":73}}]},"51":{"loc":{"start":{"line":249,"column":4},"end":{"line":251,"column":5}},"type":"if","locations":[{"start":{"line":249,"column":4},"end":{"line":251,"column":5}}]},"52":{"loc":{"start":{"line":252,"column":4},"end":{"line":255,"column":5}},"type":"if","locations":[{"start":{"line":252,"column":4},"end":{"line":255,"column":5}}]},"53":{"loc":{"start":{"line":254,"column":6},"end":{"line":254,"column":57}},"type":"if","locations":[{"start":{"line":254,"column":6},"end":{"line":254,"column":57}}]},"54":{"loc":{"start":{"line":261,"column":4},"end":{"line":261,"column":50}},"type":"if","locations":[{"start":{"line":261,"column":4},"end":{"line":261,"column":50}}]}},"s":{"0":1,"1":1,"2":1,"3":12,"4":12,"5":12,"6":12,"7":11,"8":11,"9":11,"10":11,"11":14,"12":1,"13":13,"14":11,"15":11,"16":0,"17":11,"18":11,"19":11,"20":1,"21":1,"22":0,"23":0,"24":11,"25":11,"26":11,"27":11,"28":11,"29":1,"30":10,"31":10,"32":12,"33":12,"34":12,"35":12,"36":12,"37":12,"38":11,"39":11,"40":11,"41":11,"42":0,"43":0,"44":0,"45":0,"46":0,"47":0,"48":0,"49":0,"50":0,"51":0,"52":11,"53":11,"54":11,"55":11,"56":0,"57":0,"58":0,"59":0,"60":0,"61":0,"62":0,"63":0,"64":0,"65":0,"66":0,"67":0,"68":11,"69":11,"70":11,"71":0,"72":0,"73":0,"74":0,"75":0,"76":0,"77":0,"78":0,"79":0,"80":0,"81":0,"82":0,"83":0,"84":0,"85":0,"86":0,"87":0,"88":0,"89":0,"90":0,"91":0,"92":0,"93":0,"94":0,"95":0,"96":0,"97":0,"98":0,"99":0,"100":0,"101":0,"102":0,"103":0,"104":0,"105":0,"106":0,"107":0,"108":0,"109":0,"110":0,"111":0,"112":3,"113":0,"114":0,"115":0,"116":0,"117":0,"118":0,"119":0,"120":0,"121":0,"122":0,"123":5,"124":5,"125":5,"126":3,"127":3,"128":3,"129":1,"130":3,"131":1,"132":1,"133":1,"134":3,"135":1,"136":1,"137":0,"138":0,"139":1},"f":{"0":12,"1":11,"2":14,"3":11,"4":11,"5":11,"6":11,"7":0,"8":0,"9":3,"10":0,"11":0,"12":0,"13":0,"14":0,"15":5,"16":3,"17":1},"b":{"0":[1],"1":[13,0],"2":[0],"3":[11,11],"4":[1],"5":[0],"6":[0,0],"7":[1],"8":[11,11],"9":[1,9],"10":[12,0],"11":[12,12],"12":[12,12],"13":[12,12],"14":[12,9],"15":[12,12],"16":[11],"17":[0,0],"18":[0,0],"19":[0],"20":[0,0],"21":[0,0],"22":[0],"23":[0,0],"24":[11],"25":[0,0],"26":[0],"27":[0,0],"28":[0,0],"29":[0,0],"30":[0],"31":[11],"32":[0],"33":[0],"34":[0,0],"35":[0,0],"36":[0],"37":[0],"38":[0],"39":[0],"40":[0,0],"41":[0,0],"42":[0,0],"43":[0,0],"44":[0],"45":[0,0],"46":[0,0,0,0,0,0,0,0,0,0,0,0,0],"47":[0,0],"48":[0,0],"49":[0,0],"50":[0,0],"51":[1],"52":[1],"53":[1],"54":[1]}}
,"/home/runner/work/Api-Specs/Api-Specs/mock-server/src/generators/wadl-generator.ts": {"path":"/home/runner/work/Api-Specs/Api-Specs/mock-server/src/generators/wadl-generator.ts","statementMap":{"0":{"start":{"line":1,"column":0},"end":{"line":1,"column":25}},"1":{"start":{"line":2,"column":0},"end":{"line":2,"column":44}},"2":{"start":{"line":3,"column":0},"end":{"line":3,"column":40}},"3":{"start":{"line":33,"column":10},"end":{"line":33,"column":41}},"4":{"start":{"line":36,"column":21},"end":{"line":36,"column":55}},"5":{"start":{"line":37,"column":19},"end":{"line":37,"column":61}},"6":{"start":{"line":38,"column":4},"end":{"line":38,"column":43}},"7":{"start":{"line":39,"column":4},"end":{"line":39,"column":21}},"8":{"start":{"line":43,"column":4},"end":{"line":43,"column":61}},"9":{"start":{"line":43,"column":54},"end":{"line":43,"column":61}},"10":{"start":{"line":45,"column":22},"end":{"line":45,"column":57}},"11":{"start":{"line":46,"column":4},"end":{"line":46,"column":50}},"12":{"start":{"line":46,"column":43},"end":{"line":46,"column":50}},"13":{"start":{"line":48,"column":25},"end":{"line":50,"column":28}},"14":{"start":{"line":52,"column":4},"end":{"line":54,"column":5}},"15":{"start":{"line":53,"column":6},"end":{"line":53,"column":39}},"16":{"start":{"line":58,"column":17},"end":{"line":58,"column":54}},"17":{"start":{"line":60,"column":4},"end":{"line":72,"column":5}},"18":{"start":{"line":61,"column":22},"end":{"line":63,"column":27}},"19":{"start":{"line":65,"column":6},"end":{"line":71,"column":7}},"20":{"start":{"line":66,"column":8},"end":{"line":70,"column":11}},"21":{"start":{"line":75,"column":4},"end":{"line":83,"column":5}},"22":{"start":{"line":76,"column":21},"end":{"line":78,"column":29}},"23":{"start":{"line":80,"column":6},"end":{"line":82,"column":7}},"24":{"start":{"line":81,"column":8},"end":{"line":81,"column":49}},"25":{"start":{"line":87,"column":4},"end":{"line":87,"column":26}},"26":{"start":{"line":91,"column":4},"end":{"line":99,"column":6}},"27":{"start":{"line":103,"column":16},"end":{"line":103,"column":26}},"28":{"start":{"line":106,"column":4},"end":{"line":113,"column":5}},"29":{"start":{"line":107,"column":18},"end":{"line":107,"column":47}},"30":{"start":{"line":108,"column":6},"end":{"line":112,"column":7}},"31":{"start":{"line":109,"column":8},"end":{"line":109,"column":26}},"32":{"start":{"line":110,"column":13},"end":{"line":112,"column":7}},"33":{"start":{"line":111,"column":8},"end":{"line":111,"column":31}},"34":{"start":{"line":115,"column":4},"end":{"line":115,"column":34}},"35":{"start":{"line":31,"column":0},"end":{"line":31,"column":13}}},"fnMap":{"0":{"name":"(anonymous_9)","decl":{"start":{"line":31,"column":0},"end":{"line":31,"column":13}},"loc":{"start":{"line":31,"column":0},"end":{"line":117,"column":1}}},"1":{"name":"(anonymous_10)","decl":{"start":{"line":35,"column":2},"end":{"line":35,"column":10}},"loc":{"start":{"line":35,"column":27},"end":{"line":40,"column":3}}},"2":{"name":"(anonymous_11)","decl":{"start":{"line":42,"column":10},"end":{"line":42,"column":19}},"loc":{"start":{"line":42,"column":19},"end":{"line":55,"column":3}}},"3":{"name":"(anonymous_12)","decl":{"start":{"line":57,"column":10},"end":{"line":57,"column":23}},"loc":{"start":{"line":57,"column":64},"end":{"line":84,"column":3}}},"4":{"name":"(anonymous_13)","decl":{"start":{"line":86,"column":2},"end":{"line":86,"column":14}},"loc":{"start":{"line":86,"column":14},"end":{"line":88,"column":3}}},"5":{"name":"(anonymous_14)","decl":{"start":{"line":90,"column":2},"end":{"line":90,"column":22}},"loc":{"start":{"line":90,"column":22},"end":{"line":100,"column":3}}},"6":{"name":"(anonymous_15)","decl":{"start":{"line":102,"column":2},"end":{"line":102,"column":12}},"loc":{"start":{"line":102,"column":12},"end":{"line":116,"column":3}}}},"branchMap":{"0":{"loc":{"start":{"line":43,"column":4},"end":{"line":43,"column":61}},"type":"if","locations":[{"start":{"line":43,"column":4},"end":{"line":43,"column":61}}]},"1":{"loc":{"start":{"line":43,"column":8},"end":{"line":43,"column":52}},"type":"binary-expr","locations":[{"start":{"line":43,"column":8},"end":{"line":43,"column":22}},{"start":{"line":43,"column":26},"end":{"line":43,"column":52}}]},"2":{"loc":{"start":{"line":46,"column":4},"end":{"line":46,"column":50}},"type":"if","locations":[{"start":{"line":46,"column":4},"end":{"line":46,"column":50}}]},"3":{"loc":{"start":{"line":46,"column":8},"end":{"line":46,"column":41}},"type":"binary-expr","locations":[{"start":{"line":46,"column":8},"end":{"line":46,"column":18}},{"start":{"line":46,"column":22},"end":{"line":46,"column":41}}]},"4":{"loc":{"start":{"line":48,"column":25},"end":{"line":50,"column":28}},"type":"cond-expr","locations":[{"start":{"line":49,"column":8},"end":{"line":49,"column":26}},{"start":{"line":50,"column":8},"end":{"line":50,"column":28}}]},"5":{"loc":{"start":{"line":58,"column":29},"end":{"line":58,"column":53}},"type":"binary-expr","locations":[{"start":{"line":58,"column":29},"end":{"line":58,"column":47}},{"start":{"line":58,"column":51},"end":{"line":58,"column":53}}]},"6":{"loc":{"start":{"line":60,"column":4},"end":{"line":72,"column":5}},"type":"if","locations":[{"start":{"line":60,"column":4},"end":{"line":72,"column":5}}]},"7":{"loc":{"start":{"line":61,"column":22},"end":{"line":63,"column":27}},"type":"cond-expr","locations":[{"start":{"line":62,"column":10},"end":{"line":62,"column":25}},{"start":{"line":63,"column":10},"end":{"line":63,"column":27}}]},"8":{"loc":{"start":{"line":68,"column":19},"end":{"line":68,"column":44}},"type":"binary-expr","locations":[{"start":{"line":68,"column":19},"end":{"line":68,"column":35}},{"start":{"line":68,"column":39},"end":{"line":68,"column":44}}]},"9":{"loc":{"start":{"line":69,"column":23},"end":{"line":69,"column":39}},"type":"binary-expr","locations":[{"start":{"line":69,"column":23},"end":{"line":69,"column":33}},{"start":{"line":69,"column":37},"end":{"line":69,"column":39}}]},"10":{"loc":{"start":{"line":75,"column":4},"end":{"line":83,"column":5}},"type":"if","locations":[{"start":{"line":75,"column":4},"end":{"line":83,"column":5}}]},"11":{"loc":{"start":{"line":76,"column":21},"end":{"line":78,"column":29}},"type":"cond-expr","locations":[{"start":{"line":77,"column":10},"end":{"line":77,"column":27}},{"start":{"line":78,"column":10},"end":{"line":78,"column":29}}]},"12":{"loc":{"start":{"line":106,"column":4},"end":{"line":113,"column":5}},"type":"if","locations":[{"start":{"line":106,"column":4},"end":{"line":113,"column":5}}]},"13":{"loc":{"start":{"line":108,"column":6},"end":{"line":112,"column":7}},"type":"if","locations":[{"start":{"line":108,"column":6},"end":{"line":112,"column":7}},{"start":{"line":110,"column":13},"end":{"line":112,"column":7}}]},"14":{"loc":{"start":{"line":110,"column":13},"end":{"line":112,"column":7}},"type":"if","locations":[{"start":{"line":110,"column":13},"end":{"line":112,"column":7}}]}},"s":{"0":1,"1":1,"2":1,"3":10,"4":7,"5":7,"6":7,"7":7,"8":7,"9":0,"10":7,"11":7,"12":1,"13":6,"14":6,"15":6,"16":7,"17":7,"18":7,"19":7,"20":8,"21":7,"22":1,"23":1,"24":1,"25":4,"26":3,"27":3,"28":3,"29":2,"30":2,"31":1,"32":1,"33":1,"34":3,"35":1},"f":{"0":10,"1":7,"2":7,"3":7,"4":4,"5":3,"6":3},"b":{"0":[0],"1":[7,7],"2":[1],"3":[7,7],"4":[0,6],"5":[7,0],"6":[7],"7":[1,6],"8":[8,0],"9":[8,4],"10":[1],"11":[0,1],"12":[2],"13":[1,1],"14":[1]}}
}
