TN:
SF:src/config.ts
FN:80,mergeConfig
FN:123,loadConfigFile
FN:162,resolveConfig
FNF:3
FNH:3
FNDA:18,mergeConfig
FNDA:9,loadConfigFile
FNDA:7,resolveConfig
DA:1,1
DA:2,1
DA:52,1
DA:80,1
DA:81,18
DA:83,18
DA:84,18
DA:85,18
DA:86,18
DA:88,18
DA:89,2
DA:90,2
DA:91,2
DA:92,2
DA:94,2
DA:95,2
DA:96,2
DA:97,2
DA:100,18
DA:101,5
DA:102,5
DA:103,5
DA:104,5
DA:105,5
DA:108,18
DA:109,1
DA:110,1
DA:111,1
DA:112,1
DA:113,1
DA:116,18
DA:123,1
DA:124,9
DA:126,9
DA:127,1
DA:130,8
DA:133,8
DA:134,8
DA:136,1
DA:139,7
DA:140,7
DA:143,7
DA:144,3
DA:145,2
DA:149,1
DA:150,1
DA:153,5
DA:162,1
DA:163,7
DA:166,7
DA:167,2
DA:168,2
DA:169,2
DA:171,5
DA:175,7
DA:176,2
DA:177,2
DA:178,2
DA:183,7
DA:184,7
DA:185,2
DA:189,7
DA:190,2
DA:193,7
LF:64
LH:64
BRDA:83,0,0,4
BRDA:84,1,0,2
BRDA:85,2,0,1
BRDA:86,3,0,1
BRDA:88,4,0,2
BRDA:88,5,0,18
BRDA:88,5,1,2
BRDA:91,6,0,2
BRDA:91,7,0,2
BRDA:91,7,1,1
BRDA:94,8,0,0
BRDA:95,9,0,0
BRDA:96,10,0,0
BRDA:97,11,0,0
BRDA:100,12,0,5
BRDA:100,13,0,18
BRDA:100,13,1,5
BRDA:103,14,0,5
BRDA:104,15,0,4
BRDA:105,16,0,4
BRDA:108,17,0,1
BRDA:108,18,0,18
BRDA:108,18,1,1
BRDA:111,19,0,1
BRDA:112,20,0,1
BRDA:113,21,0,1
BRDA:126,22,0,1
BRDA:143,23,0,3
BRDA:144,24,0,2
BRDA:144,25,0,3
BRDA:144,25,1,2
BRDA:162,26,0,0
BRDA:166,27,0,2
BRDA:166,27,1,5
BRDA:166,28,0,7
BRDA:166,28,1,2
BRDA:175,29,0,2
BRDA:177,30,0,2
BRDA:184,31,0,2
BRDA:184,32,0,7
BRDA:184,32,1,2
BRDA:189,33,0,2
BRF:42
BRH:37
end_of_record
TN:
SF:src/discovery.ts
FN:16,(anonymous_9)
FN:23,(anonymous_10)
FN:32,(anonymous_11)
FN:33,(anonymous_12)
FN:42,(anonymous_13)
FN:59,(anonymous_14)
FN:83,(anonymous_15)
FN:101,(anonymous_16)
FN:120,(anonymous_17)
FN:137,(anonymous_18)
FN:155,(anonymous_19)
FNF:11
FNH:11
FNDA:10,(anonymous_9)
FNDA:10,(anonymous_10)
FNDA:10,(anonymous_11)
FNDA:10,(anonymous_12)
FNDA:2,(anonymous_13)
FNDA:2,(anonymous_14)
FNDA:2,(anonymous_15)
FNDA:1,(anonymous_16)
FNDA:1,(anonymous_17)
FNDA:1,(anonymous_18)
FNDA:9,(anonymous_19)
DA:1,1
DA:2,1
DA:13,1
DA:17,10
DA:24,10
DA:26,10
DA:27,1
DA:28,1
DA:31,9
DA:32,10
DA:33,10
DA:35,9
DA:36,10
DA:39,10
DA:40,10
DA:41,3
DA:42,2
DA:44,3
DA:45,2
DA:56,10
DA:57,10
DA:58,3
DA:59,2
DA:61,3
DA:62,2
DA:73,10
DA:74,10
DA:77,6
DA:78,6
DA:80,6
DA:81,6
DA:82,6
DA:83,2
DA:85,6
DA:86,2
DA:98,6
DA:99,6
DA:100,6
DA:101,1
DA:103,6
DA:104,1
DA:117,6
DA:118,6
DA:119,6
DA:120,1
DA:122,6
DA:123,1
DA:134,6
DA:135,6
DA:136,6
DA:137,1
DA:139,6
DA:140,1
DA:152,9
DA:157,9
DA:159,9
LF:56
LH:56
BRDA:26,0,0,1
BRDA:40,1,0,3
BRDA:57,2,0,3
BRDA:74,3,0,6
BRDA:78,4,0,6
BRDA:81,5,0,6
BRDA:99,6,0,6
BRDA:101,7,0,1
BRDA:101,7,1,0
BRDA:118,8,0,6
BRDA:135,9,0,6
BRF:11
BRH:10
end_of_record
TN:
SF:src/generators/graphql-generator.ts
FN:9,(anonymous_9)
FN:14,(anonymous_10)
FN:18,(anonymous_11)
FN:25,(anonymous_12)
FN:47,(anonymous_13)
FN:52,(anonymous_14)
FN:60,(anonymous_15)
FN:78,(anonymous_16)
FN:124,(anonymous_17)
FNF:9
FNH:9
FNDA:12,(anonymous_9)
FNDA:2,(anonymous_10)
FNDA:2,(anonymous_11)
FNDA:8,(anonymous_12)
FNDA:7,(anonymous_13)
FNDA:14,(anonymous_14)
FNDA:21,(anonymous_15)
FNDA:4,(anonymous_16)
FNDA:3,(anonymous_17)
DA:1,1
DA:2,1
DA:3,1
DA:5,1
DA:10,12
DA:11,12
DA:15,2
DA:19,2
DA:26,8
DA:27,1
DA:30,7
DA:33,7
DA:34,7
DA:35,6
DA:39,7
DA:40,7
DA:41,1
DA:44,7
DA:48,7
DA:49,7
DA:51,7
DA:52,16
DA:53,14
DA:57,7
DA:62,21
DA:63,0
DA:66,21
DA:69,21
DA:70,1
DA:71,1
DA:75,20
DA:76,1
DA:77,1
DA:78,4
DA:82,19
DA:84,7
DA:86,1
DA:88,1
DA:90,1
DA:92,2
DA:94,1
DA:96,1
DA:98,1
DA:100,1
DA:102,1
DA:104,1
DA:108,1
DA:109,1
DA:110,1
DA:111,1
DA:113,1
DA:114,2
DA:117,1
DA:121,0
DA:126,3
DA:127,3
DA:130,3
DA:131,13
DA:132,5
DA:133,5
DA:134,0
DA:135,5
DA:136,1
DA:137,1
DA:142,3
LF:65
LH:62
BRDA:26,0,0,1
BRDA:34,1,0,6
BRDA:40,2,0,1
BRDA:60,3,0,14
BRDA:62,4,0,0
BRDA:69,5,0,1
BRDA:75,6,0,1
BRDA:82,7,0,7
BRDA:82,7,1,1
BRDA:82,7,2,1
BRDA:82,7,3,1
BRDA:82,7,4,2
BRDA:82,7,5,1
BRDA:82,7,6,1
BRDA:82,7,7,1
BRDA:82,7,8,1
BRDA:82,7,9,1
BRDA:82,7,10,1
BRDA:108,8,0,1
BRDA:108,9,0,1
BRDA:108,9,1,1
BRDA:126,10,0,3
BRDA:126,10,1,1
BRDA:131,11,0,5
BRDA:131,12,0,13
BRDA:131,12,1,9
BRDA:133,13,0,0
BRDA:133,13,1,5
BRDA:133,14,0,5
BRDA:133,14,1,1
BRDA:135,15,0,1
BRF:31
BRH:29
end_of_record
TN:
SF:src/generators/openapi-generator.ts
FN:57,(anonymous_1)
FN:61,(anonymous_2)
FN:91,(anonymous_3)
FN:131,(anonymous_4)
FN:155,(anonymous_5)
FN:196,(anonymous_6)
FNF:6
FNH:6
FNDA:12,(anonymous_1)
FNDA:2,(anonymous_2)
FNDA:9,(anonymous_3)
FNDA:38,(anonymous_4)
FNDA:4,(anonymous_5)
FNDA:2,(anonymous_6)
DA:1,1
DA:2,1
DA:54,1
DA:58,12
DA:62,2
DA:63,1
DA:66,1
DA:68,1
DA:69,2
DA:71,2
DA:73,2
DA:74,14
DA:75,14
DA:76,3
DA:88,1
DA:92,9
DA:95,9
DA:97,9
DA:99,9
DA:100,10
DA:101,9
DA:102,9
DA:103,9
DA:107,9
DA:109,0
DA:110,0
DA:111,0
DA:112,0
DA:116,9
DA:117,1
DA:120,8
DA:121,8
DA:122,0
DA:125,8
DA:126,8
DA:128,8
DA:133,38
DA:134,1
DA:137,37
DA:138,16
DA:140,16
DA:141,16
DA:142,26
DA:146,16
DA:149,21
DA:150,1
DA:151,1
DA:152,1
DA:153,0
DA:155,4
DA:158,20
DA:159,17
DA:160,1
DA:162,16
DA:163,1
DA:165,15
DA:166,1
DA:168,14
DA:169,1
DA:171,13
DA:172,1
DA:174,12
DA:175,1
DA:177,11
DA:180,3
DA:181,2
DA:182,2
DA:183,2
DA:188,1
DA:189,1
DA:193,0
DA:197,2
LF:72
LH:65
BRDA:62,0,0,1
BRDA:62,1,0,2
BRDA:62,1,1,1
BRDA:69,2,0,0
BRDA:75,3,0,3
BRDA:80,4,0,3
BRDA:80,4,1,1
BRDA:81,5,0,3
BRDA:81,5,1,0
BRDA:82,6,0,3
BRDA:82,6,1,0
BRDA:100,7,0,9
BRDA:107,8,0,0
BRDA:110,9,0,0
BRDA:112,10,0,0
BRDA:112,10,1,0
BRDA:116,11,0,1
BRDA:116,12,0,9
BRDA:116,12,1,9
BRDA:121,13,0,0
BRDA:121,14,0,8
BRDA:121,14,1,8
BRDA:131,15,0,8
BRDA:133,16,0,1
BRDA:137,17,0,16
BRDA:140,18,0,16
BRDA:149,19,0,1
BRDA:152,20,0,0
BRDA:158,21,0,17
BRDA:159,22,0,1
BRDA:162,23,0,1
BRDA:165,24,0,1
BRDA:168,25,0,1
BRDA:171,26,0,1
BRDA:171,27,0,13
BRDA:171,27,1,13
BRDA:174,28,0,1
BRDA:180,29,0,2
BRDA:180,30,0,3
BRDA:180,30,1,2
BRDA:181,31,0,2
BRDA:181,31,1,0
BRDA:182,32,0,2
BRDA:182,32,1,0
BRDA:183,33,0,1
BRDA:183,33,1,1
BRDA:188,34,0,1
BRDA:198,35,0,2
BRDA:198,35,1,1
BRDA:200,36,0,2
BRDA:200,36,1,1
BRF:51
BRH:40
end_of_record
TN:
SF:src/generators/raml-generator.ts
FN:10,(anonymous_9)
FN:14,(anonymous_10)
FN:19,(anonymous_11)
FN:60,(anonymous_12)
FN:64,(anonymous_13)
FN:76,(anonymous_14)
FNF:6
FNH:6
FNDA:12,(anonymous_9)
FNDA:9,(anonymous_10)
FNDA:9,(anonymous_11)
FNDA:5,(anonymous_12)
FNDA:3,(anonymous_13)
FNDA:4,(anonymous_14)
DA:1,1
DA:2,1
DA:10,1
DA:12,12
DA:15,9
DA:16,9
DA:20,9
DA:22,9
DA:23,9
DA:25,9
DA:26,74
DA:29,74
DA:30,74
DA:31,10
DA:32,10
DA:36,64
DA:37,64
DA:38,19
DA:39,19
DA:42,19
DA:43,42
DA:44,42
DA:45,42
DA:46,8
DA:47,8
DA:51,19
DA:61,5
DA:65,3
DA:77,4
DA:78,1
DA:81,3
DA:85,3
DA:86,3
DA:87,20
DA:88,20
DA:89,3
DA:92,20
DA:93,20
DA:94,1
DA:97,20
DA:98,20
DA:99,1
DA:103,3
LF:43
LH:43
BRDA:20,0,0,0
BRDA:30,1,0,10
BRDA:37,2,0,19
BRDA:37,3,0,64
BRDA:37,3,1,19
BRDA:45,4,0,8
BRDA:77,5,0,1
BRDA:88,6,0,3
BRDA:93,7,0,1
BRDA:98,8,0,1
BRF:10
BRH:9
end_of_record
TN:
SF:src/generators/soap-generator.ts
FN:14,(anonymous_9)
FN:22,(anonymous_10)
FN:29,(anonymous_11)
FN:34,(anonymous_12)
FN:81,(anonymous_13)
FN:102,(anonymous_14)
FN:125,(anonymous_15)
FN:146,(anonymous_16)
FN:171,(anonymous_17)
FN:185,(anonymous_18)
FN:189,(anonymous_19)
FN:193,(anonymous_20)
FN:197,(anonymous_21)
FN:198,(anonymous_22)
FN:204,(anonymous_23)
FN:218,(anonymous_24)
FN:244,(anonymous_25)
FN:260,(anonymous_26)
FNF:18
FNH:11
FNDA:12,(anonymous_9)
FNDA:11,(anonymous_10)
FNDA:14,(anonymous_11)
FNDA:11,(anonymous_12)
FNDA:11,(anonymous_13)
FNDA:11,(anonymous_14)
FNDA:11,(anonymous_15)
FNDA:0,(anonymous_16)
FNDA:0,(anonymous_17)
FNDA:3,(anonymous_18)
FNDA:0,(anonymous_19)
FNDA:0,(anonymous_20)
FNDA:0,(anonymous_21)
FNDA:0,(anonymous_22)
FNDA:0,(anonymous_23)
FNDA:5,(anonymous_24)
FNDA:3,(anonymous_25)
FNDA:1,(anonymous_26)
DA:1,1
DA:2,1
DA:3,1
DA:14,1
DA:17,12
DA:18,12
DA:19,12
DA:20,12
DA:23,11
DA:24,11
DA:25,11
DA:26,11
DA:30,14
DA:31,13
DA:35,11
DA:36,11
DA:38,11
DA:41,11
DA:42,11
DA:43,1
DA:44,1
DA:45,0
DA:46,0
DA:51,11
DA:54,11
DA:55,11
DA:58,11
DA:59,11
DA:61,10
DA:65,10
DA:66,12
DA:67,12
DA:68,12
DA:69,12
DA:70,12
DA:72,12
DA:82,11
DA:83,11
DA:84,11
DA:86,0
DA:90,0
DA:91,0
DA:92,0
DA:93,0
DA:94,0
DA:95,0
DA:96,0
DA:99,0
DA:103,11
DA:104,11
DA:105,11
DA:107,0
DA:108,0
DA:109,0
DA:111,0
DA:115,0
DA:116,0
DA:118,0
DA:119,0
DA:120,0
DA:122,0
DA:126,11
DA:127,11
DA:129,0
DA:130,0
DA:132,0
DA:133,0
DA:135,0
DA:139,0
DA:140,0
DA:141,0
DA:142,0
DA:147,0
DA:148,0
DA:149,0
DA:151,0
DA:152,0
DA:154,0
DA:155,0
DA:157,0
DA:161,0
DA:162,0
DA:163,0
DA:164,0
DA:165,0
DA:166,0
DA:168,0
DA:172,0
DA:173,0
DA:174,0
DA:175,0
DA:176,0
DA:177,0
DA:178,0
DA:179,0
DA:180,0
DA:181,0
DA:186,3
DA:190,0
DA:194,0
DA:198,0
DA:199,0
DA:200,0
DA:201,0
DA:203,0
DA:204,0
DA:207,0
DA:219,5
DA:224,5
DA:241,5
DA:245,3
DA:248,3
DA:249,3
DA:250,1
DA:252,3
DA:253,1
DA:254,1
DA:257,3
DA:261,1
DA:263,0
DA:264,0
LF:121
LH:55
BRDA:30,0,0,1
BRDA:31,1,0,13
BRDA:31,1,1,0
BRDA:36,2,0,0
BRDA:38,3,0,11
BRDA:38,3,1,11
BRDA:42,4,0,1
BRDA:44,5,0,0
BRDA:46,6,0,0
BRDA:46,6,1,0
BRDA:59,7,0,1
BRDA:59,8,0,11
BRDA:59,8,1,11
BRDA:61,9,0,1
BRDA:61,9,1,9
BRDA:66,10,0,12
BRDA:66,10,1,0
BRDA:68,11,0,12
BRDA:68,11,1,12
BRDA:69,12,0,12
BRDA:69,12,1,12
BRDA:70,13,0,12
BRDA:70,13,1,12
BRDA:74,14,0,12
BRDA:74,14,1,9
BRDA:75,15,0,12
BRDA:75,15,1,12
BRDA:84,16,0,11
BRDA:86,17,0,0
BRDA:86,17,1,0
BRDA:91,18,0,0
BRDA:91,18,1,0
BRDA:93,19,0,0
BRDA:94,20,0,0
BRDA:94,20,1,0
BRDA:95,21,0,0
BRDA:95,21,1,0
BRDA:96,22,0,0
BRDA:96,23,0,0
BRDA:96,23,1,0
BRDA:105,24,0,11
BRDA:107,25,0,0
BRDA:107,25,1,0
BRDA:109,26,0,0
BRDA:111,27,0,0
BRDA:111,27,1,0
BRDA:116,28,0,0
BRDA:116,28,1,0
BRDA:119,29,0,0
BRDA:119,29,1,0
BRDA:120,30,0,0
BRDA:127,31,0,11
BRDA:130,32,0,0
BRDA:133,33,0,0
BRDA:135,34,0,0
BRDA:135,34,1,0
BRDA:140,35,0,0
BRDA:140,35,1,0
BRDA:141,36,0,0
BRDA:149,37,0,0
BRDA:152,38,0,0
BRDA:155,39,0,0
BRDA:157,40,0,0
BRDA:157,40,1,0
BRDA:162,41,0,0
BRDA:162,41,1,0
BRDA:163,42,0,0
BRDA:163,42,1,0
BRDA:165,43,0,0
BRDA:165,43,1,0
BRDA:166,44,0,0
BRDA:172,45,0,0
BRDA:172,45,1,0
BRDA:173,46,0,0
BRDA:173,46,1,0
BRDA:173,46,2,0
BRDA:173,46,3,0
BRDA:173,46,4,0
BRDA:173,46,5,0
BRDA:173,46,6,0
BRDA:173,46,7,0
BRDA:173,46,8,0
BRDA:173,46,9,0
BRDA:173,46,10,0
BRDA:173,46,11,0
BRDA:173,46,12,0
BRDA:199,47,0,0
BRDA:199,47,1,0
BRDA:200,48,0,0
BRDA:200,48,1,0
BRDA:201,49,0,0
BRDA:201,49,1,0
BRDA:213,50,0,0
BRDA:213,50,1,0
BRDA:249,51,0,1
BRDA:252,52,0,1
BRDA:254,53,0,1
BRDA:261,54,0,1
BRF:98
BRH:28
end_of_record
TN:
SF:src/generators/wadl-generator.ts
FN:31,(anonymous_9)
FN:35,(anonymous_10)
FN:42,(anonymous_11)
FN:57,(anonymous_12)
FN:86,(anonymous_13)
FN:90,(anonymous_14)
FN:102,(anonymous_15)
FNF:7
FNH:7
FNDA:10,(anonymous_9)
FNDA:7,(anonymous_10)
FNDA:7,(anonymous_11)
FNDA:7,(anonymous_12)
FNDA:4,(anonymous_13)
FNDA:3,(anonymous_14)
FNDA:3,(anonymous_15)
DA:1,1
DA:2,1
DA:3,1
DA:31,1
DA:33,10
DA:36,7
DA:37,7
DA:38,7
DA:39,7
DA:43,7
DA:45,7
DA:46,7
DA:48,6
DA:52,6
DA:53,6
DA:58,7
DA:60,7
DA:61,7
DA:65,7
DA:66,8
DA:75,7
DA:76,1
DA:80,1
DA:81,1
DA:87,4
DA:91,3
DA:103,3
DA:106,3
DA:107,2
DA:108,2
DA:109,1
DA:110,1
DA:111,1
DA:115,3
LF:34
LH:34
BRDA:43,0,0,0
BRDA:43,1,0,7
BRDA:43,1,1,7
BRDA:46,2,0,1
BRDA:46,3,0,7
BRDA:46,3,1,7
BRDA:48,4,0,0
BRDA:48,4,1,6
BRDA:58,5,0,7
BRDA:58,5,1,0
BRDA:60,6,0,7
BRDA:61,7,0,1
BRDA:61,7,1,6
BRDA:68,8,0,8
BRDA:68,8,1,0
BRDA:69,9,0,8
BRDA:69,9,1,4
BRDA:75,10,0,1
BRDA:76,11,0,0
BRDA:76,11,1,1
BRDA:106,12,0,2
BRDA:108,13,0,1
BRDA:108,13,1,1
BRDA:110,14,0,1
BRF:24
BRH:19
end_of_record
